Arguments: 
  /usr/local/bin/node /usr/local/Cellar/yarn/1.6.0/libexec/bin/yarn.js add @components/Users

PATH: 
  /Users/guillaumebaechler/Documents/GIT_PROJECTS/openunivr/node_modules/.bin:/Users/guillaumebaechler/.config/yarn/link/node_modules/.bin:/Users/guillaumebaechler/Documents/GIT_PROJECTS/openunivr/node_modules/.bin:/Users/guillaumebaechler/.config/yarn/link/node_modules/.bin:/usr/local/libexec/lib/node_modules/npm/bin/node-gyp-bin:/usr/local/lib/node_modules/npm/bin/node-gyp-bin:/usr/local/bin/node_modules/npm/bin/node-gyp-bin:/Library/Frameworks/Python.framework/Versions/3.7/bin:/usr/local/bin:/usr/bin:/bin:/usr/sbin:/sbin:/usr/local/go/bin:/usr/local/MacGPG2/bin:/usr/local/share/dotnet:/Library/Frameworks/Mono.framework/Versions/Current/Commands

Yarn version: 
  1.6.0

Node version: 
  10.14.0

Platform: 
  darwin x64

Trace: 
  Error: https://registry.yarnpkg.com/@components%2fUsers: Not found
      at Request.params.callback [as _callback] (/usr/local/Cellar/yarn/1.6.0/libexec/lib/cli.js:65327:18)
      at Request.self.callback (/usr/local/Cellar/yarn/1.6.0/libexec/lib/cli.js:133155:22)
      at Request.emit (events.js:182:13)
      at Request.<anonymous> (/usr/local/Cellar/yarn/1.6.0/libexec/lib/cli.js:134138:10)
      at Request.emit (events.js:182:13)
      at IncomingMessage.<anonymous> (/usr/local/Cellar/yarn/1.6.0/libexec/lib/cli.js:134058:12)
      at Object.onceWrapper (events.js:273:13)
      at IncomingMessage.emit (events.js:187:15)
      at endReadableNT (_stream_readable.js:1094:12)
      at process._tickCallback (internal/process/next_tick.js:63:19)

npm manifest: 
  {
    "name": "openunivr",
    "version": "0.0.1",
    "description": "Open Innovation Project",
    "main": "index.js",
    "scripts": {
      "test": "echo \"Error: no test specified\" && exit 1",
      "dev": "parcel index.html",
      "build": "parcel build index.html"
    },
    "repository": {
      "type": "git",
      "url": "git+ssh://git@gitlab.com/GuillaumeBAECHLER/openunivr.git"
    },
    "author": "",
    "license": "MIT",
    "bugs": {
      "url": "https://gitlab.com/GuillaumeBAECHLER/openunivr/issues"
    },
    "alias": {
      "vue": "./node_modules/vue/dist/vue.common.js"
    },
    "homepage": "https://gitlab.com/GuillaumeBAECHLER/openunivr#readme",
    "dependencies": {
      "aframe": "^0.9.0",
      "axios": "^0.18.0",
      "body-parser": "^1.19.0",
      "components": "^0.1.0",
      "cors": "^2.8.5",
      "express": "^4.16.4",
      "mysql": "^2.17.1",
      "simple-peer": "^9.3.0",
      "vue": "^2.6.8",
      "vue-hot-reload-api": "^2.3.3"
    },
    "devDependencies": {
      "@vue/component-compiler-utils": "^2.6.0",
      "cssnano": "^4.1.10",
      "typescript": "^3.4.5",
      "vue-template-compiler": "^2.6.8"
    }
  }

yarn manifest: 
  No manifest

Lockfile: 
  # THIS IS AN AUTOGENERATED FILE. DO NOT EDIT THIS FILE DIRECTLY.
  # yarn lockfile v1
  
  
  "@types/q@^1.5.1":
    version "1.5.2"
    resolved "https://registry.yarnpkg.com/@types/q/-/q-1.5.2.tgz#690a1475b84f2a884fd07cd797c00f5f31356ea8"
  
  "@vue/component-compiler-utils@^2.6.0":
    version "2.6.0"
    resolved "https://registry.yarnpkg.com/@vue/component-compiler-utils/-/component-compiler-utils-2.6.0.tgz#aa46d2a6f7647440b0b8932434d22f12371e543b"
    dependencies:
      consolidate "^0.15.1"
      hash-sum "^1.0.2"
      lru-cache "^4.1.2"
      merge-source-map "^1.1.0"
      postcss "^7.0.14"
      postcss-selector-parser "^5.0.0"
      prettier "1.16.3"
      source-map "~0.6.1"
      vue-template-es2015-compiler "^1.9.0"
  
  accepts@~1.3.5:
    version "1.3.5"
    resolved "https://registry.yarnpkg.com/accepts/-/accepts-1.3.5.tgz#eb777df6011723a3b14e8a72c0805c8e86746bd2"
    dependencies:
      mime-types "~2.1.18"
      negotiator "0.6.1"
  
  acorn@^5.2.1:
    version "5.7.3"
    resolved "https://registry.yarnpkg.com/acorn/-/acorn-5.7.3.tgz#67aa231bf8812974b85235a96771eb6bd07ea279"
  
  aframe@^0.9.0:
    version "0.9.0"
    resolved "https://registry.yarnpkg.com/aframe/-/aframe-0.9.0.tgz#da57790fe5a9d1d2cb5c7c05daaec20c34b30f35"
    dependencies:
      animejs "^2.2.0"
      browserify-css "^0.8.4"
      custom-event-polyfill "^1.0.6"
      debug ngokevin/debug#noTimestamp
      deep-assign "^2.0.0"
      document-register-element dmarcos/document-register-element#8ccc532b7f3744be954574caf3072a5fd260ca90
      envify "^3.4.1"
      load-bmfont "^1.2.3"
      object-assign "^4.0.1"
      present "0.0.6"
      promise-polyfill "^3.1.0"
      style-attr "^1.0.2"
      super-three "^0.101.0"
      three-bmfont-text "^2.1.0"
      webvr-polyfill "^0.10.10"
  
  alphanum-sort@^1.0.0:
    version "1.0.2"
    resolved "https://registry.yarnpkg.com/alphanum-sort/-/alphanum-sort-1.0.2.tgz#97a1119649b211ad33691d9f9f486a8ec9fbe0a3"
  
  amdefine@>=0.0.4:
    version "1.0.1"
    resolved "https://registry.yarnpkg.com/amdefine/-/amdefine-1.0.1.tgz#4a5282ac164729e93619bcfd3ad151f817ce91f5"
  
  an-array@^1.0.0:
    version "1.0.0"
    resolved "https://registry.yarnpkg.com/an-array/-/an-array-1.0.0.tgz#c125a5bb8257778e35f4b4f6aa9c7d0fa9e42665"
  
  animejs@^2.2.0:
    version "2.2.0"
    resolved "https://registry.yarnpkg.com/animejs/-/animejs-2.2.0.tgz#35eefdfc535b81949c9cb06f0b3e60c02e6fdc80"
  
  ansi-styles@^3.2.1:
    version "3.2.1"
    resolved "https://registry.yarnpkg.com/ansi-styles/-/ansi-styles-3.2.1.tgz#41fbb20243e50b12be0f04b8dedbf07520ce841d"
    dependencies:
      color-convert "^1.9.0"
  
  argparse@^1.0.7:
    version "1.0.10"
    resolved "https://registry.yarnpkg.com/argparse/-/argparse-1.0.10.tgz#bcd6791ea5ae09725e17e5ad988134cd40b3d911"
    dependencies:
      sprintf-js "~1.0.2"
  
  arr-diff@^2.0.0:
    version "2.0.0"
    resolved "https://registry.yarnpkg.com/arr-diff/-/arr-diff-2.0.0.tgz#8f3b827f955a8bd669697e4a4256ac3ceae356cf"
    dependencies:
      arr-flatten "^1.0.1"
  
  arr-flatten@^1.0.1:
    version "1.1.0"
    resolved "https://registry.yarnpkg.com/arr-flatten/-/arr-flatten-1.1.0.tgz#36048bbff4e7b47e136644316c99669ea5ae91f1"
  
  array-flatten@1.1.1:
    version "1.1.1"
    resolved "https://registry.yarnpkg.com/array-flatten/-/array-flatten-1.1.1.tgz#9a5f699051b1e7073328f2a008968b64ea2955d2"
  
  array-shuffle@^1.0.1:
    version "1.0.1"
    resolved "https://registry.yarnpkg.com/array-shuffle/-/array-shuffle-1.0.1.tgz#7ea4882a356b4bca5f545e0b6e52eaf6d971557a"
  
  array-unique@^0.2.1:
    version "0.2.1"
    resolved "https://registry.yarnpkg.com/array-unique/-/array-unique-0.2.1.tgz#a1d97ccafcbc2625cc70fadceb36a50c58b01a53"
  
  as-number@^1.0.0:
    version "1.0.0"
    resolved "https://registry.yarnpkg.com/as-number/-/as-number-1.0.0.tgz#acb27e34f8f9d8ab0da9e376f3b8959860f80a66"
  
  ast-types@0.9.6:
    version "0.9.6"
    resolved "https://registry.yarnpkg.com/ast-types/-/ast-types-0.9.6.tgz#102c9e9e9005d3e7e3829bf0c4fa24ee862ee9b9"
  
  axios@^0.18.0:
    version "0.18.0"
    resolved "https://registry.yarnpkg.com/axios/-/axios-0.18.0.tgz#32d53e4851efdc0a11993b6cd000789d70c05102"
    dependencies:
      follow-redirects "^1.3.0"
      is-buffer "^1.1.5"
  
  balanced-match@^1.0.0:
    version "1.0.0"
    resolved "https://registry.yarnpkg.com/balanced-match/-/balanced-match-1.0.0.tgz#89b4d199ab2bee49de164ea02b89ce462d71b767"
  
  base62@^1.1.0:
    version "1.2.8"
    resolved "https://registry.yarnpkg.com/base62/-/base62-1.2.8.tgz#1264cb0fb848d875792877479dbe8bae6bae3428"
  
  bignumber.js@7.2.1:
    version "7.2.1"
    resolved "https://registry.yarnpkg.com/bignumber.js/-/bignumber.js-7.2.1.tgz#80c048759d826800807c4bfd521e50edbba57a5f"
  
  bluebird@^3.1.1:
    version "3.5.3"
    resolved "https://registry.yarnpkg.com/bluebird/-/bluebird-3.5.3.tgz#7d01c6f9616c9a51ab0f8c549a79dfe6ec33efa7"
  
  body-parser@1.18.3:
    version "1.18.3"
    resolved "https://registry.yarnpkg.com/body-parser/-/body-parser-1.18.3.tgz#5b292198ffdd553b3a0f20ded0592b956955c8b4"
    dependencies:
      bytes "3.0.0"
      content-type "~1.0.4"
      debug "2.6.9"
      depd "~1.1.2"
      http-errors "~1.6.3"
      iconv-lite "0.4.23"
      on-finished "~2.3.0"
      qs "6.5.2"
      raw-body "2.3.3"
      type-is "~1.6.16"
  
  body-parser@^1.19.0:
    version "1.19.0"
    resolved "https://registry.yarnpkg.com/body-parser/-/body-parser-1.19.0.tgz#96b2709e57c9c4e09a6fd66a8fd979844f69f08a"
    dependencies:
      bytes "3.1.0"
      content-type "~1.0.4"
      debug "2.6.9"
      depd "~1.1.2"
      http-errors "1.7.2"
      iconv-lite "0.4.24"
      on-finished "~2.3.0"
      qs "6.7.0"
      raw-body "2.4.0"
      type-is "~1.6.17"
  
  boolbase@^1.0.0, boolbase@~1.0.0:
    version "1.0.0"
    resolved "https://registry.yarnpkg.com/boolbase/-/boolbase-1.0.0.tgz#68dff5fbe60c51eb37725ea9e3ed310dcc1e776e"
  
  brace-expansion@^1.1.7:
    version "1.1.11"
    resolved "https://registry.yarnpkg.com/brace-expansion/-/brace-expansion-1.1.11.tgz#3c7fcbf529d87226f3d2f52b966ff5271eb441dd"
    dependencies:
      balanced-match "^1.0.0"
      concat-map "0.0.1"
  
  braces@^1.8.2:
    version "1.8.5"
    resolved "https://registry.yarnpkg.com/braces/-/braces-1.8.5.tgz#ba77962e12dff969d6b76711e914b737857bf6a7"
    dependencies:
      expand-range "^1.8.1"
      preserve "^0.2.0"
      repeat-element "^1.1.2"
  
  browserify-css@^0.8.4:
    version "0.8.4"
    resolved "https://registry.yarnpkg.com/browserify-css/-/browserify-css-0.8.4.tgz#1e4e2779dcbb072d09beaeb4e6f69501d544d7f3"
    dependencies:
      clean-css "2.2.x"
      concat-stream "1.4.x"
      css "1.6.x"
      find-node-modules "^1.0.1"
      lodash "3.6.x"
      through2 "0.6.x"
  
  browserslist@^4.0.0:
    version "4.5.5"
    resolved "https://registry.yarnpkg.com/browserslist/-/browserslist-4.5.5.tgz#fe1a352330d2490d5735574c149a85bc18ef9b82"
    dependencies:
      caniuse-lite "^1.0.30000960"
      electron-to-chromium "^1.3.124"
      node-releases "^1.1.14"
  
  buffer-equal@0.0.1:
    version "0.0.1"
    resolved "https://registry.yarnpkg.com/buffer-equal/-/buffer-equal-0.0.1.tgz#91bc74b11ea405bc916bc6aa908faafa5b4aac4b"
  
  buffer-to-arraybuffer@^0.0.5:
    version "0.0.5"
    resolved "https://registry.yarnpkg.com/buffer-to-arraybuffer/-/buffer-to-arraybuffer-0.0.5.tgz#6064a40fa76eb43c723aba9ef8f6e1216d10511a"
  
  bytes@3.0.0:
    version "3.0.0"
    resolved "https://registry.yarnpkg.com/bytes/-/bytes-3.0.0.tgz#d32815404d689699f85a4ea4fa8755dd13a96048"
  
  bytes@3.1.0:
    version "3.1.0"
    resolved "https://registry.yarnpkg.com/bytes/-/bytes-3.1.0.tgz#f6cf7933a360e0588fa9fde85651cdc7f805d1f6"
  
  caller-callsite@^2.0.0:
    version "2.0.0"
    resolved "https://registry.yarnpkg.com/caller-callsite/-/caller-callsite-2.0.0.tgz#847e0fce0a223750a9a027c54b33731ad3154134"
    dependencies:
      callsites "^2.0.0"
  
  caller-path@^2.0.0:
    version "2.0.0"
    resolved "https://registry.yarnpkg.com/caller-path/-/caller-path-2.0.0.tgz#468f83044e369ab2010fac5f06ceee15bb2cb1f4"
    dependencies:
      caller-callsite "^2.0.0"
  
  callsites@^2.0.0:
    version "2.0.0"
    resolved "https://registry.yarnpkg.com/callsites/-/callsites-2.0.0.tgz#06eb84f00eea413da86affefacbffb36093b3c50"
  
  caniuse-api@^3.0.0:
    version "3.0.0"
    resolved "https://registry.yarnpkg.com/caniuse-api/-/caniuse-api-3.0.0.tgz#5e4d90e2274961d46291997df599e3ed008ee4c0"
    dependencies:
      browserslist "^4.0.0"
      caniuse-lite "^1.0.0"
      lodash.memoize "^4.1.2"
      lodash.uniq "^4.5.0"
  
  caniuse-lite@^1.0.0, caniuse-lite@^1.0.30000960:
    version "1.0.30000962"
    resolved "https://registry.yarnpkg.com/caniuse-lite/-/caniuse-lite-1.0.30000962.tgz#6c10c3ab304b89bea905e66adf98c0905088ee44"
  
  cardboard-vr-display@^1.0.16:
    version "1.0.16"
    resolved "https://registry.yarnpkg.com/cardboard-vr-display/-/cardboard-vr-display-1.0.16.tgz#f91e2798e8fb70a348599638c6742c72dfeadabc"
    dependencies:
      gl-preserve-state "^1.0.0"
      nosleep.js "^0.7.0"
      webvr-polyfill-dpdb "^1.0.11"
  
  chalk@^2.4.1, chalk@^2.4.2:
    version "2.4.2"
    resolved "https://registry.yarnpkg.com/chalk/-/chalk-2.4.2.tgz#cd42541677a54333cf541a49108c1432b44c9424"
    dependencies:
      ansi-styles "^3.2.1"
      escape-string-regexp "^1.0.5"
      supports-color "^5.3.0"
  
  clean-css@2.2.x:
    version "2.2.23"
    resolved "https://registry.yarnpkg.com/clean-css/-/clean-css-2.2.23.tgz#0590b5478b516c4903edc2d89bd3fdbdd286328c"
    dependencies:
      commander "2.2.x"
  
  coa@^2.0.2:
    version "2.0.2"
    resolved "https://registry.yarnpkg.com/coa/-/coa-2.0.2.tgz#43f6c21151b4ef2bf57187db0d73de229e3e7ec3"
    dependencies:
      "@types/q" "^1.5.1"
      chalk "^2.4.1"
      q "^1.1.2"
  
  color-convert@^1.9.0, color-convert@^1.9.1:
    version "1.9.3"
    resolved "https://registry.yarnpkg.com/color-convert/-/color-convert-1.9.3.tgz#bb71850690e1f136567de629d2d5471deda4c1e8"
    dependencies:
      color-name "1.1.3"
  
  color-name@1.1.3:
    version "1.1.3"
    resolved "https://registry.yarnpkg.com/color-name/-/color-name-1.1.3.tgz#a7d0558bd89c42f795dd42328f740831ca53bc25"
  
  color-name@^1.0.0:
    version "1.1.4"
    resolved "https://registry.yarnpkg.com/color-name/-/color-name-1.1.4.tgz#c2a09a87acbde69543de6f63fa3995c826c536a2"
  
  color-string@^1.5.2:
    version "1.5.3"
    resolved "https://registry.yarnpkg.com/color-string/-/color-string-1.5.3.tgz#c9bbc5f01b58b5492f3d6857459cb6590ce204cc"
    dependencies:
      color-name "^1.0.0"
      simple-swizzle "^0.2.2"
  
  color@^3.0.0:
    version "3.1.1"
    resolved "https://registry.yarnpkg.com/color/-/color-3.1.1.tgz#7abf5c0d38e89378284e873c207ae2172dcc8a61"
    dependencies:
      color-convert "^1.9.1"
      color-string "^1.5.2"
  
  commander@2.2.x:
    version "2.2.0"
    resolved "https://registry.yarnpkg.com/commander/-/commander-2.2.0.tgz#175ad4b9317f3ff615f201c1e57224f55a3e91df"
  
  commander@^2.5.0:
    version "2.19.0"
    resolved "https://registry.yarnpkg.com/commander/-/commander-2.19.0.tgz#f6198aa84e5b83c46054b94ddedbfed5ee9ff12a"
  
  commoner@^0.10.1:
    version "0.10.8"
    resolved "https://registry.yarnpkg.com/commoner/-/commoner-0.10.8.tgz#34fc3672cd24393e8bb47e70caa0293811f4f2c5"
    dependencies:
      commander "^2.5.0"
      detective "^4.3.1"
      glob "^5.0.15"
      graceful-fs "^4.1.2"
      iconv-lite "^0.4.5"
      mkdirp "^0.5.0"
      private "^0.1.6"
      q "^1.1.2"
      recast "^0.11.17"
  
  components@^0.1.0:
    version "0.1.0"
    resolved "https://registry.yarnpkg.com/components/-/components-0.1.0.tgz#2057c08e9c7bf2662feec95c49e5ff2a9ab85ed5"
  
  concat-map@0.0.1:
    version "0.0.1"
    resolved "https://registry.yarnpkg.com/concat-map/-/concat-map-0.0.1.tgz#d8a96bd77fd68df7793a73036a3ba0d5405d477b"
  
  concat-stream@1.4.x:
    version "1.4.11"
    resolved "https://registry.yarnpkg.com/concat-stream/-/concat-stream-1.4.11.tgz#1dc9f666f2621da9c618b1e7f8f3b2ff70b5f76f"
    dependencies:
      inherits "~2.0.1"
      readable-stream "~1.1.9"
      typedarray "~0.0.5"
  
  consolidate@^0.15.1:
    version "0.15.1"
    resolved "https://registry.yarnpkg.com/consolidate/-/consolidate-0.15.1.tgz#21ab043235c71a07d45d9aad98593b0dba56bab7"
    dependencies:
      bluebird "^3.1.1"
  
  content-disposition@0.5.2:
    version "0.5.2"
    resolved "https://registry.yarnpkg.com/content-disposition/-/content-disposition-0.5.2.tgz#0cf68bb9ddf5f2be7961c3a85178cb85dba78cb4"
  
  content-type@~1.0.4:
    version "1.0.4"
    resolved "https://registry.yarnpkg.com/content-type/-/content-type-1.0.4.tgz#e138cc75e040c727b1966fe5e5f8c9aee256fe3b"
  
  cookie-signature@1.0.6:
    version "1.0.6"
    resolved "https://registry.yarnpkg.com/cookie-signature/-/cookie-signature-1.0.6.tgz#e303a882b342cc3ee8ca513a79999734dab3ae2c"
  
  cookie@0.3.1:
    version "0.3.1"
    resolved "https://registry.yarnpkg.com/cookie/-/cookie-0.3.1.tgz#e7e0a1f9ef43b4c8ba925c5c5a96e806d16873bb"
  
  core-util-is@~1.0.0:
    version "1.0.2"
    resolved "https://registry.yarnpkg.com/core-util-is/-/core-util-is-1.0.2.tgz#b5fd54220aa2bc5ab57aab7140c940754503c1a7"
  
  cors@^2.8.5:
    version "2.8.5"
    resolved "https://registry.yarnpkg.com/cors/-/cors-2.8.5.tgz#eac11da51592dd86b9f06f6e7ac293b3df875d29"
    dependencies:
      object-assign "^4"
      vary "^1"
  
  cosmiconfig@^5.0.0:
    version "5.2.0"
    resolved "https://registry.yarnpkg.com/cosmiconfig/-/cosmiconfig-5.2.0.tgz#45038e4d28a7fe787203aede9c25bca4a08b12c8"
    dependencies:
      import-fresh "^2.0.0"
      is-directory "^0.3.1"
      js-yaml "^3.13.0"
      parse-json "^4.0.0"
  
  css-color-names@0.0.4, css-color-names@^0.0.4:
    version "0.0.4"
    resolved "https://registry.yarnpkg.com/css-color-names/-/css-color-names-0.0.4.tgz#808adc2e79cf84738069b646cb20ec27beb629e0"
  
  css-declaration-sorter@^4.0.1:
    version "4.0.1"
    resolved "https://registry.yarnpkg.com/css-declaration-sorter/-/css-declaration-sorter-4.0.1.tgz#c198940f63a76d7e36c1e71018b001721054cb22"
    dependencies:
      postcss "^7.0.1"
      timsort "^0.3.0"
  
  css-parse@1.7.0:
    version "1.7.0"
    resolved "https://registry.yarnpkg.com/css-parse/-/css-parse-1.7.0.tgz#321f6cf73782a6ff751111390fc05e2c657d8c9b"
  
  css-select-base-adapter@^0.1.1:
    version "0.1.1"
    resolved "https://registry.yarnpkg.com/css-select-base-adapter/-/css-select-base-adapter-0.1.1.tgz#3b2ff4972cc362ab88561507a95408a1432135d7"
  
  css-select@^2.0.0:
    version "2.0.2"
    resolved "https://registry.yarnpkg.com/css-select/-/css-select-2.0.2.tgz#ab4386cec9e1f668855564b17c3733b43b2a5ede"
    dependencies:
      boolbase "^1.0.0"
      css-what "^2.1.2"
      domutils "^1.7.0"
      nth-check "^1.0.2"
  
  css-stringify@1.4.1:
    version "1.4.1"
    resolved "https://registry.yarnpkg.com/css-stringify/-/css-stringify-1.4.1.tgz#252ccbf03f723a009bdd8770fe7eb274171afdfa"
    dependencies:
      source-map "~0.1.31"
  
  css-tree@1.0.0-alpha.28:
    version "1.0.0-alpha.28"
    resolved "https://registry.yarnpkg.com/css-tree/-/css-tree-1.0.0-alpha.28.tgz#8e8968190d886c9477bc8d61e96f61af3f7ffa7f"
    dependencies:
      mdn-data "~1.1.0"
      source-map "^0.5.3"
  
  css-tree@1.0.0-alpha.29:
    version "1.0.0-alpha.29"
    resolved "https://registry.yarnpkg.com/css-tree/-/css-tree-1.0.0-alpha.29.tgz#3fa9d4ef3142cbd1c301e7664c1f352bd82f5a39"
    dependencies:
      mdn-data "~1.1.0"
      source-map "^0.5.3"
  
  css-unit-converter@^1.1.1:
    version "1.1.1"
    resolved "https://registry.yarnpkg.com/css-unit-converter/-/css-unit-converter-1.1.1.tgz#d9b9281adcfd8ced935bdbaba83786897f64e996"
  
  css-url-regex@^1.1.0:
    version "1.1.0"
    resolved "https://registry.yarnpkg.com/css-url-regex/-/css-url-regex-1.1.0.tgz#83834230cc9f74c457de59eebd1543feeb83b7ec"
  
  css-what@^2.1.2:
    version "2.1.3"
    resolved "https://registry.yarnpkg.com/css-what/-/css-what-2.1.3.tgz#a6d7604573365fe74686c3f311c56513d88285f2"
  
  css@1.6.x:
    version "1.6.0"
    resolved "https://registry.yarnpkg.com/css/-/css-1.6.0.tgz#c06fff0afbb313fce5bce070d76531a6c8d300aa"
    dependencies:
      css-parse "1.7.0"
      css-stringify "1.4.1"
  
  cssesc@^2.0.0:
    version "2.0.0"
    resolved "https://registry.yarnpkg.com/cssesc/-/cssesc-2.0.0.tgz#3b13bd1bb1cb36e1bcb5a4dcd27f54c5dcb35703"
  
  cssnano-preset-default@^4.0.7:
    version "4.0.7"
    resolved "https://registry.yarnpkg.com/cssnano-preset-default/-/cssnano-preset-default-4.0.7.tgz#51ec662ccfca0f88b396dcd9679cdb931be17f76"
    dependencies:
      css-declaration-sorter "^4.0.1"
      cssnano-util-raw-cache "^4.0.1"
      postcss "^7.0.0"
      postcss-calc "^7.0.1"
      postcss-colormin "^4.0.3"
      postcss-convert-values "^4.0.1"
      postcss-discard-comments "^4.0.2"
      postcss-discard-duplicates "^4.0.2"
      postcss-discard-empty "^4.0.1"
      postcss-discard-overridden "^4.0.1"
      postcss-merge-longhand "^4.0.11"
      postcss-merge-rules "^4.0.3"
      postcss-minify-font-values "^4.0.2"
      postcss-minify-gradients "^4.0.2"
      postcss-minify-params "^4.0.2"
      postcss-minify-selectors "^4.0.2"
      postcss-normalize-charset "^4.0.1"
      postcss-normalize-display-values "^4.0.2"
      postcss-normalize-positions "^4.0.2"
      postcss-normalize-repeat-style "^4.0.2"
      postcss-normalize-string "^4.0.2"
      postcss-normalize-timing-functions "^4.0.2"
      postcss-normalize-unicode "^4.0.1"
      postcss-normalize-url "^4.0.1"
      postcss-normalize-whitespace "^4.0.2"
      postcss-ordered-values "^4.1.2"
      postcss-reduce-initial "^4.0.3"
      postcss-reduce-transforms "^4.0.2"
      postcss-svgo "^4.0.2"
      postcss-unique-selectors "^4.0.1"
  
  cssnano-util-get-arguments@^4.0.0:
    version "4.0.0"
    resolved "https://registry.yarnpkg.com/cssnano-util-get-arguments/-/cssnano-util-get-arguments-4.0.0.tgz#ed3a08299f21d75741b20f3b81f194ed49cc150f"
  
  cssnano-util-get-match@^4.0.0:
    version "4.0.0"
    resolved "https://registry.yarnpkg.com/cssnano-util-get-match/-/cssnano-util-get-match-4.0.0.tgz#c0e4ca07f5386bb17ec5e52250b4f5961365156d"
  
  cssnano-util-raw-cache@^4.0.1:
    version "4.0.1"
    resolved "https://registry.yarnpkg.com/cssnano-util-raw-cache/-/cssnano-util-raw-cache-4.0.1.tgz#b26d5fd5f72a11dfe7a7846fb4c67260f96bf282"
    dependencies:
      postcss "^7.0.0"
  
  cssnano-util-same-parent@^4.0.0:
    version "4.0.1"
    resolved "https://registry.yarnpkg.com/cssnano-util-same-parent/-/cssnano-util-same-parent-4.0.1.tgz#574082fb2859d2db433855835d9a8456ea18bbf3"
  
  cssnano@^4.1.10:
    version "4.1.10"
    resolved "https://registry.yarnpkg.com/cssnano/-/cssnano-4.1.10.tgz#0ac41f0b13d13d465487e111b778d42da631b8b2"
    dependencies:
      cosmiconfig "^5.0.0"
      cssnano-preset-default "^4.0.7"
      is-resolvable "^1.0.0"
      postcss "^7.0.0"
  
  csso@^3.5.1:
    version "3.5.1"
    resolved "https://registry.yarnpkg.com/csso/-/csso-3.5.1.tgz#7b9eb8be61628973c1b261e169d2f024008e758b"
    dependencies:
      css-tree "1.0.0-alpha.29"
  
  custom-event-polyfill@^1.0.6:
    version "1.0.6"
    resolved "https://registry.yarnpkg.com/custom-event-polyfill/-/custom-event-polyfill-1.0.6.tgz#6b026e81cd9f7bc896bd6b016a427407bb068db1"
  
  de-indent@^1.0.2:
    version "1.0.2"
    resolved "https://registry.yarnpkg.com/de-indent/-/de-indent-1.0.2.tgz#b2038e846dc33baa5796128d0804b455b8c1e21d"
  
  debug@2.6.9:
    version "2.6.9"
    resolved "https://registry.yarnpkg.com/debug/-/debug-2.6.9.tgz#5d128515df134ff327e90a4c93f4e077a536341f"
    dependencies:
      ms "2.0.0"
  
  debug@^3.2.6:
    version "3.2.6"
    resolved "https://registry.yarnpkg.com/debug/-/debug-3.2.6.tgz#e83d17de16d8a7efb7717edbe5fb10135eee629b"
    dependencies:
      ms "^2.1.1"
  
  debug@^4.0.1:
    version "4.1.1"
    resolved "https://registry.yarnpkg.com/debug/-/debug-4.1.1.tgz#3b72260255109c6b589cee050f1d516139664791"
    dependencies:
      ms "^2.1.1"
  
  debug@ngokevin/debug#noTimestamp:
    version "2.2.0"
    resolved "https://codeload.github.com/ngokevin/debug/tar.gz/ef5f8e66d49ce8bc64c6f282c15f8b7164409e3a"
  
  decode-uri-component@^0.2.0:
    version "0.2.0"
    resolved "https://registry.yarnpkg.com/decode-uri-component/-/decode-uri-component-0.2.0.tgz#eb3913333458775cb84cd1a1fae062106bb87545"
  
  decompress-response@^3.3.0:
    version "3.3.0"
    resolved "https://registry.yarnpkg.com/decompress-response/-/decompress-response-3.3.0.tgz#80a4dd323748384bfa248083622aedec982adff3"
    dependencies:
      mimic-response "^1.0.0"
  
  deep-assign@^2.0.0:
    version "2.0.0"
    resolved "https://registry.yarnpkg.com/deep-assign/-/deep-assign-2.0.0.tgz#ebe06b1f07f08dae597620e3dd1622f371a1c572"
    dependencies:
      is-obj "^1.0.0"
  
  define-properties@^1.1.2, define-properties@^1.1.3:
    version "1.1.3"
    resolved "https://registry.yarnpkg.com/define-properties/-/define-properties-1.1.3.tgz#cf88da6cbee26fe6db7094f61d870cbd84cee9f1"
    dependencies:
      object-keys "^1.0.12"
  
  defined@^1.0.0:
    version "1.0.0"
    resolved "https://registry.yarnpkg.com/defined/-/defined-1.0.0.tgz#c98d9bcef75674188e110969151199e39b1fa693"
  
  depd@~1.1.2:
    version "1.1.2"
    resolved "https://registry.yarnpkg.com/depd/-/depd-1.1.2.tgz#9bcd52e14c097763e749b274c4346ed2e560b5a9"
  
  destroy@~1.0.4:
    version "1.0.4"
    resolved "https://registry.yarnpkg.com/destroy/-/destroy-1.0.4.tgz#978857442c44749e4206613e37946205826abd80"
  
  detect-file@^0.1.0:
    version "0.1.0"
    resolved "https://registry.yarnpkg.com/detect-file/-/detect-file-0.1.0.tgz#4935dedfd9488648e006b0129566e9386711ea63"
    dependencies:
      fs-exists-sync "^0.1.0"
  
  detective@^4.3.1:
    version "4.7.1"
    resolved "https://registry.yarnpkg.com/detective/-/detective-4.7.1.tgz#0eca7314338442febb6d65da54c10bb1c82b246e"
    dependencies:
      acorn "^5.2.1"
      defined "^1.0.0"
  
  document-register-element@dmarcos/document-register-element#8ccc532b7f3744be954574caf3072a5fd260ca90:
    version "0.5.4"
    resolved "https://codeload.github.com/dmarcos/document-register-element/tar.gz/8ccc532b7f3744be954574caf3072a5fd260ca90"
  
  dom-serializer@0:
    version "0.1.1"
    resolved "https://registry.yarnpkg.com/dom-serializer/-/dom-serializer-0.1.1.tgz#1ec4059e284babed36eec2941d4a970a189ce7c0"
    dependencies:
      domelementtype "^1.3.0"
      entities "^1.1.1"
  
  dom-walk@^0.1.0:
    version "0.1.1"
    resolved "https://registry.yarnpkg.com/dom-walk/-/dom-walk-0.1.1.tgz#672226dc74c8f799ad35307df936aba11acd6018"
  
  domelementtype@1, domelementtype@^1.3.0:
    version "1.3.1"
    resolved "https://registry.yarnpkg.com/domelementtype/-/domelementtype-1.3.1.tgz#d048c44b37b0d10a7f2a3d5fee3f4333d790481f"
  
  domutils@^1.7.0:
    version "1.7.0"
    resolved "https://registry.yarnpkg.com/domutils/-/domutils-1.7.0.tgz#56ea341e834e06e6748af7a1cb25da67ea9f8c2a"
    dependencies:
      dom-serializer "0"
      domelementtype "1"
  
  dot-prop@^4.1.1:
    version "4.2.0"
    resolved "https://registry.yarnpkg.com/dot-prop/-/dot-prop-4.2.0.tgz#1f19e0c2e1aa0e32797c49799f2837ac6af69c57"
    dependencies:
      is-obj "^1.0.0"
  
  dtype@^2.0.0:
    version "2.0.0"
    resolved "https://registry.yarnpkg.com/dtype/-/dtype-2.0.0.tgz#cd052323ce061444ecd2e8f5748f69a29be28434"
  
  ee-first@1.1.1:
    version "1.1.1"
    resolved "https://registry.yarnpkg.com/ee-first/-/ee-first-1.1.1.tgz#590c61156b0ae2f4f0255732a158b266bc56b21d"
  
  electron-to-chromium@^1.3.124:
    version "1.3.125"
    resolved "https://registry.yarnpkg.com/electron-to-chromium/-/electron-to-chromium-1.3.125.tgz#dbde0e95e64ebe322db0eca764d951f885a5aff2"
  
  encodeurl@~1.0.2:
    version "1.0.2"
    resolved "https://registry.yarnpkg.com/encodeurl/-/encodeurl-1.0.2.tgz#ad3ff4c86ec2d029322f5a02c3a9a606c95b3f59"
  
  entities@^1.1.1:
    version "1.1.2"
    resolved "https://registry.yarnpkg.com/entities/-/entities-1.1.2.tgz#bdfa735299664dfafd34529ed4f8522a275fea56"
  
  envify@^3.4.1:
    version "3.4.1"
    resolved "https://registry.yarnpkg.com/envify/-/envify-3.4.1.tgz#d7122329e8df1688ba771b12501917c9ce5cbce8"
    dependencies:
      jstransform "^11.0.3"
      through "~2.3.4"
  
  error-ex@^1.3.1:
    version "1.3.2"
    resolved "https://registry.yarnpkg.com/error-ex/-/error-ex-1.3.2.tgz#b4ac40648107fdcdcfae242f428bea8a14d4f1bf"
    dependencies:
      is-arrayish "^0.2.1"
  
  es-abstract@^1.12.0, es-abstract@^1.5.0, es-abstract@^1.5.1:
    version "1.13.0"
    resolved "https://registry.yarnpkg.com/es-abstract/-/es-abstract-1.13.0.tgz#ac86145fdd5099d8dd49558ccba2eaf9b88e24e9"
    dependencies:
      es-to-primitive "^1.2.0"
      function-bind "^1.1.1"
      has "^1.0.3"
      is-callable "^1.1.4"
      is-regex "^1.0.4"
      object-keys "^1.0.12"
  
  es-to-primitive@^1.2.0:
    version "1.2.0"
    resolved "https://registry.yarnpkg.com/es-to-primitive/-/es-to-primitive-1.2.0.tgz#edf72478033456e8dda8ef09e00ad9650707f377"
    dependencies:
      is-callable "^1.1.4"
      is-date-object "^1.0.1"
      is-symbol "^1.0.2"
  
  escape-html@~1.0.3:
    version "1.0.3"
    resolved "https://registry.yarnpkg.com/escape-html/-/escape-html-1.0.3.tgz#0258eae4d3d0c0974de1c169188ef0051d1d1988"
  
  escape-string-regexp@^1.0.5:
    version "1.0.5"
    resolved "https://registry.yarnpkg.com/escape-string-regexp/-/escape-string-regexp-1.0.5.tgz#1b61c0562190a8dff6ae3bb2cf0200ca130b86d4"
  
  esprima-fb@^15001.1.0-dev-harmony-fb:
    version "15001.1.0-dev-harmony-fb"
    resolved "https://registry.yarnpkg.com/esprima-fb/-/esprima-fb-15001.1.0-dev-harmony-fb.tgz#30a947303c6b8d5e955bee2b99b1d233206a6901"
  
  esprima@^4.0.0:
    version "4.0.1"
    resolved "https://registry.yarnpkg.com/esprima/-/esprima-4.0.1.tgz#13b04cdb3e6c5d19df91ab6987a8695619b0aa71"
  
  esprima@~3.1.0:
    version "3.1.3"
    resolved "https://registry.yarnpkg.com/esprima/-/esprima-3.1.3.tgz#fdca51cee6133895e3c88d535ce49dbff62a4633"
  
  etag@~1.8.1:
    version "1.8.1"
    resolved "https://registry.yarnpkg.com/etag/-/etag-1.8.1.tgz#41ae2eeb65efa62268aebfea83ac7d79299b0887"
  
  expand-brackets@^0.1.4:
    version "0.1.5"
    resolved "https://registry.yarnpkg.com/expand-brackets/-/expand-brackets-0.1.5.tgz#df07284e342a807cd733ac5af72411e581d1177b"
    dependencies:
      is-posix-bracket "^0.1.0"
  
  expand-range@^1.8.1:
    version "1.8.2"
    resolved "https://registry.yarnpkg.com/expand-range/-/expand-range-1.8.2.tgz#a299effd335fe2721ebae8e257ec79644fc85337"
    dependencies:
      fill-range "^2.1.0"
  
  expand-tilde@^1.2.2:
    version "1.2.2"
    resolved "https://registry.yarnpkg.com/expand-tilde/-/expand-tilde-1.2.2.tgz#0b81eba897e5a3d31d1c3d102f8f01441e559449"
    dependencies:
      os-homedir "^1.0.1"
  
  express@^4.16.4:
    version "4.16.4"
    resolved "https://registry.yarnpkg.com/express/-/express-4.16.4.tgz#fddef61926109e24c515ea97fd2f1bdbf62df12e"
    dependencies:
      accepts "~1.3.5"
      array-flatten "1.1.1"
      body-parser "1.18.3"
      content-disposition "0.5.2"
      content-type "~1.0.4"
      cookie "0.3.1"
      cookie-signature "1.0.6"
      debug "2.6.9"
      depd "~1.1.2"
      encodeurl "~1.0.2"
      escape-html "~1.0.3"
      etag "~1.8.1"
      finalhandler "1.1.1"
      fresh "0.5.2"
      merge-descriptors "1.0.1"
      methods "~1.1.2"
      on-finished "~2.3.0"
      parseurl "~1.3.2"
      path-to-regexp "0.1.7"
      proxy-addr "~2.0.4"
      qs "6.5.2"
      range-parser "~1.2.0"
      safe-buffer "5.1.2"
      send "0.16.2"
      serve-static "1.13.2"
      setprototypeof "1.1.0"
      statuses "~1.4.0"
      type-is "~1.6.16"
      utils-merge "1.0.1"
      vary "~1.1.2"
  
  extglob@^0.3.1:
    version "0.3.2"
    resolved "https://registry.yarnpkg.com/extglob/-/extglob-0.3.2.tgz#2e18ff3d2f49ab2765cec9023f011daa8d8349a1"
    dependencies:
      is-extglob "^1.0.0"
  
  filename-regex@^2.0.0:
    version "2.0.1"
    resolved "https://registry.yarnpkg.com/filename-regex/-/filename-regex-2.0.1.tgz#c1c4b9bee3e09725ddb106b75c1e301fe2f18b26"
  
  fill-range@^2.1.0:
    version "2.2.4"
    resolved "https://registry.yarnpkg.com/fill-range/-/fill-range-2.2.4.tgz#eb1e773abb056dcd8df2bfdf6af59b8b3a936565"
    dependencies:
      is-number "^2.1.0"
      isobject "^2.0.0"
      randomatic "^3.0.0"
      repeat-element "^1.1.2"
      repeat-string "^1.5.2"
  
  finalhandler@1.1.1:
    version "1.1.1"
    resolved "https://registry.yarnpkg.com/finalhandler/-/finalhandler-1.1.1.tgz#eebf4ed840079c83f4249038c9d703008301b105"
    dependencies:
      debug "2.6.9"
      encodeurl "~1.0.2"
      escape-html "~1.0.3"
      on-finished "~2.3.0"
      parseurl "~1.3.2"
      statuses "~1.4.0"
      unpipe "~1.0.0"
  
  find-node-modules@^1.0.1:
    version "1.0.4"
    resolved "https://registry.yarnpkg.com/find-node-modules/-/find-node-modules-1.0.4.tgz#b6deb3cccb699c87037677bcede2c5f5862b2550"
    dependencies:
      findup-sync "0.4.2"
      merge "^1.2.0"
  
  findup-sync@0.4.2:
    version "0.4.2"
    resolved "https://registry.yarnpkg.com/findup-sync/-/findup-sync-0.4.2.tgz#a8117d0f73124f5a4546839579fe52d7129fb5e5"
    dependencies:
      detect-file "^0.1.0"
      is-glob "^2.0.1"
      micromatch "^2.3.7"
      resolve-dir "^0.1.0"
  
  flatten-vertex-data@^1.0.0:
    version "1.0.2"
    resolved "https://registry.yarnpkg.com/flatten-vertex-data/-/flatten-vertex-data-1.0.2.tgz#889fd60bea506006ca33955ee1105175fb620219"
    dependencies:
      dtype "^2.0.0"
  
  follow-redirects@^1.3.0:
    version "1.7.0"
    resolved "https://registry.yarnpkg.com/follow-redirects/-/follow-redirects-1.7.0.tgz#489ebc198dc0e7f64167bd23b03c4c19b5784c76"
    dependencies:
      debug "^3.2.6"
  
  for-each@^0.3.3:
    version "0.3.3"
    resolved "https://registry.yarnpkg.com/for-each/-/for-each-0.3.3.tgz#69b447e88a0a5d32c3e7084f3f1710034b21376e"
    dependencies:
      is-callable "^1.1.3"
  
  for-in@^1.0.1:
    version "1.0.2"
    resolved "https://registry.yarnpkg.com/for-in/-/for-in-1.0.2.tgz#81068d295a8142ec0ac726c6e2200c30fb6d5e80"
  
  for-own@^0.1.4:
    version "0.1.5"
    resolved "https://registry.yarnpkg.com/for-own/-/for-own-0.1.5.tgz#5265c681a4f294dabbf17c9509b6763aa84510ce"
    dependencies:
      for-in "^1.0.1"
  
  forwarded@~0.1.2:
    version "0.1.2"
    resolved "https://registry.yarnpkg.com/forwarded/-/forwarded-0.1.2.tgz#98c23dab1175657b8c0573e8ceccd91b0ff18c84"
  
  fresh@0.5.2:
    version "0.5.2"
    resolved "https://registry.yarnpkg.com/fresh/-/fresh-0.5.2.tgz#3d8cadd90d976569fa835ab1f8e4b23a105605a7"
  
  fs-exists-sync@^0.1.0:
    version "0.1.0"
    resolved "https://registry.yarnpkg.com/fs-exists-sync/-/fs-exists-sync-0.1.0.tgz#982d6893af918e72d08dec9e8673ff2b5a8d6add"
  
  function-bind@^1.0.2, function-bind@^1.1.1:
    version "1.1.1"
    resolved "https://registry.yarnpkg.com/function-bind/-/function-bind-1.1.1.tgz#a56899d3ea3c9bab874bb9773b7c5ede92f4895d"
  
  get-browser-rtc@^1.0.0:
    version "1.0.2"
    resolved "https://registry.yarnpkg.com/get-browser-rtc/-/get-browser-rtc-1.0.2.tgz#bbcd40c8451a7ed4ef5c373b8169a409dd1d11d9"
  
  gl-preserve-state@^1.0.0:
    version "1.0.0"
    resolved "https://registry.yarnpkg.com/gl-preserve-state/-/gl-preserve-state-1.0.0.tgz#4ef710d62873f1470ed015c6546c37dacddd4198"
  
  glob-base@^0.3.0:
    version "0.3.0"
    resolved "https://registry.yarnpkg.com/glob-base/-/glob-base-0.3.0.tgz#dbb164f6221b1c0b1ccf82aea328b497df0ea3c4"
    dependencies:
      glob-parent "^2.0.0"
      is-glob "^2.0.0"
  
  glob-parent@^2.0.0:
    version "2.0.0"
    resolved "https://registry.yarnpkg.com/glob-parent/-/glob-parent-2.0.0.tgz#81383d72db054fcccf5336daa902f182f6edbb28"
    dependencies:
      is-glob "^2.0.0"
  
  glob@^5.0.15:
    version "5.0.15"
    resolved "https://registry.yarnpkg.com/glob/-/glob-5.0.15.tgz#1bc936b9e02f4a603fcc222ecf7633d30b8b93b1"
    dependencies:
      inflight "^1.0.4"
      inherits "2"
      minimatch "2 || 3"
      once "^1.3.0"
      path-is-absolute "^1.0.0"
  
  global-modules@^0.2.3:
    version "0.2.3"
    resolved "https://registry.yarnpkg.com/global-modules/-/global-modules-0.2.3.tgz#ea5a3bed42c6d6ce995a4f8a1269b5dae223828d"
    dependencies:
      global-prefix "^0.1.4"
      is-windows "^0.2.0"
  
  global-prefix@^0.1.4:
    version "0.1.5"
    resolved "https://registry.yarnpkg.com/global-prefix/-/global-prefix-0.1.5.tgz#8d3bc6b8da3ca8112a160d8d496ff0462bfef78f"
    dependencies:
      homedir-polyfill "^1.0.0"
      ini "^1.3.4"
      is-windows "^0.2.0"
      which "^1.2.12"
  
  global@~4.3.0:
    version "4.3.2"
    resolved "https://registry.yarnpkg.com/global/-/global-4.3.2.tgz#e76989268a6c74c38908b1305b10fc0e394e9d0f"
    dependencies:
      min-document "^2.19.0"
      process "~0.5.1"
  
  graceful-fs@^4.1.2:
    version "4.1.15"
    resolved "https://registry.yarnpkg.com/graceful-fs/-/graceful-fs-4.1.15.tgz#ffb703e1066e8a0eeaa4c8b80ba9253eeefbfb00"
  
  has-flag@^3.0.0:
    version "3.0.0"
    resolved "https://registry.yarnpkg.com/has-flag/-/has-flag-3.0.0.tgz#b5d454dc2199ae225699f3467e5a07f3b955bafd"
  
  has-symbols@^1.0.0:
    version "1.0.0"
    resolved "https://registry.yarnpkg.com/has-symbols/-/has-symbols-1.0.0.tgz#ba1a8f1af2a0fc39650f5c850367704122063b44"
  
  has@^1.0.0, has@^1.0.1, has@^1.0.3:
    version "1.0.3"
    resolved "https://registry.yarnpkg.com/has/-/has-1.0.3.tgz#722d7cbfc1f6aa8241f16dd814e011e1f41e8796"
    dependencies:
      function-bind "^1.1.1"
  
  hash-sum@^1.0.2:
    version "1.0.2"
    resolved "https://registry.yarnpkg.com/hash-sum/-/hash-sum-1.0.2.tgz#33b40777754c6432573c120cc3808bbd10d47f04"
  
  he@^1.1.0:
    version "1.2.0"
    resolved "https://registry.yarnpkg.com/he/-/he-1.2.0.tgz#84ae65fa7eafb165fddb61566ae14baf05664f0f"
  
  hex-color-regex@^1.1.0:
    version "1.1.0"
    resolved "https://registry.yarnpkg.com/hex-color-regex/-/hex-color-regex-1.1.0.tgz#4c06fccb4602fe2602b3c93df82d7e7dbf1a8a8e"
  
  homedir-polyfill@^1.0.0:
    version "1.0.3"
    resolved "https://registry.yarnpkg.com/homedir-polyfill/-/homedir-polyfill-1.0.3.tgz#743298cef4e5af3e194161fbadcc2151d3a058e8"
    dependencies:
      parse-passwd "^1.0.0"
  
  hsl-regex@^1.0.0:
    version "1.0.0"
    resolved "https://registry.yarnpkg.com/hsl-regex/-/hsl-regex-1.0.0.tgz#d49330c789ed819e276a4c0d272dffa30b18fe6e"
  
  hsla-regex@^1.0.0:
    version "1.0.0"
    resolved "https://registry.yarnpkg.com/hsla-regex/-/hsla-regex-1.0.0.tgz#c1ce7a3168c8c6614033a4b5f7877f3b225f9c38"
  
  html-comment-regex@^1.1.0:
    version "1.1.2"
    resolved "https://registry.yarnpkg.com/html-comment-regex/-/html-comment-regex-1.1.2.tgz#97d4688aeb5c81886a364faa0cad1dda14d433a7"
  
  http-errors@1.6.3, http-errors@~1.6.2, http-errors@~1.6.3:
    version "1.6.3"
    resolved "https://registry.yarnpkg.com/http-errors/-/http-errors-1.6.3.tgz#8b55680bb4be283a0b5bf4ea2e38580be1d9320d"
    dependencies:
      depd "~1.1.2"
      inherits "2.0.3"
      setprototypeof "1.1.0"
      statuses ">= 1.4.0 < 2"
  
  http-errors@1.7.2:
    version "1.7.2"
    resolved "https://registry.yarnpkg.com/http-errors/-/http-errors-1.7.2.tgz#4f5029cf13239f31036e5b2e55292bcfbcc85c8f"
    dependencies:
      depd "~1.1.2"
      inherits "2.0.3"
      setprototypeof "1.1.1"
      statuses ">= 1.5.0 < 2"
      toidentifier "1.0.0"
  
  iconv-lite@0.4.23:
    version "0.4.23"
    resolved "https://registry.yarnpkg.com/iconv-lite/-/iconv-lite-0.4.23.tgz#297871f63be507adcfbfca715d0cd0eed84e9a63"
    dependencies:
      safer-buffer ">= 2.1.2 < 3"
  
  iconv-lite@0.4.24, iconv-lite@^0.4.5:
    version "0.4.24"
    resolved "https://registry.yarnpkg.com/iconv-lite/-/iconv-lite-0.4.24.tgz#2022b4b25fbddc21d2f524974a474aafe733908b"
    dependencies:
      safer-buffer ">= 2.1.2 < 3"
  
  import-fresh@^2.0.0:
    version "2.0.0"
    resolved "https://registry.yarnpkg.com/import-fresh/-/import-fresh-2.0.0.tgz#d81355c15612d386c61f9ddd3922d4304822a546"
    dependencies:
      caller-path "^2.0.0"
      resolve-from "^3.0.0"
  
  indexes-of@^1.0.1:
    version "1.0.1"
    resolved "https://registry.yarnpkg.com/indexes-of/-/indexes-of-1.0.1.tgz#f30f716c8e2bd346c7b67d3df3915566a7c05607"
  
  inflight@^1.0.4:
    version "1.0.6"
    resolved "https://registry.yarnpkg.com/inflight/-/inflight-1.0.6.tgz#49bd6331d7d02d0c09bc910a1075ba8165b56df9"
    dependencies:
      once "^1.3.0"
      wrappy "1"
  
  inherits@2, inherits@2.0.3, inherits@^2.0.1, inherits@~2.0.1, inherits@~2.0.3:
    version "2.0.3"
    resolved "https://registry.yarnpkg.com/inherits/-/inherits-2.0.3.tgz#633c2c83e3da42a502f52466022480f4208261de"
  
  ini@^1.3.4:
    version "1.3.5"
    resolved "https://registry.yarnpkg.com/ini/-/ini-1.3.5.tgz#eee25f56db1c9ec6085e0c22778083f596abf927"
  
  ipaddr.js@1.9.0:
    version "1.9.0"
    resolved "https://registry.yarnpkg.com/ipaddr.js/-/ipaddr.js-1.9.0.tgz#37df74e430a0e47550fe54a2defe30d8acd95f65"
  
  is-absolute-url@^2.0.0:
    version "2.1.0"
    resolved "https://registry.yarnpkg.com/is-absolute-url/-/is-absolute-url-2.1.0.tgz#50530dfb84fcc9aa7dbe7852e83a37b93b9f2aa6"
  
  is-arrayish@^0.2.1:
    version "0.2.1"
    resolved "https://registry.yarnpkg.com/is-arrayish/-/is-arrayish-0.2.1.tgz#77c99840527aa8ecb1a8ba697b80645a7a926a9d"
  
  is-arrayish@^0.3.1:
    version "0.3.2"
    resolved "https://registry.yarnpkg.com/is-arrayish/-/is-arrayish-0.3.2.tgz#4574a2ae56f7ab206896fb431eaeed066fdf8f03"
  
  is-buffer@^1.0.2, is-buffer@^1.1.5:
    version "1.1.6"
    resolved "https://registry.yarnpkg.com/is-buffer/-/is-buffer-1.1.6.tgz#efaa2ea9daa0d7ab2ea13a97b2b8ad51fefbe8be"
  
  is-callable@^1.1.3, is-callable@^1.1.4:
    version "1.1.4"
    resolved "https://registry.yarnpkg.com/is-callable/-/is-callable-1.1.4.tgz#1e1adf219e1eeb684d691f9d6a05ff0d30a24d75"
  
  is-color-stop@^1.0.0:
    version "1.1.0"
    resolved "https://registry.yarnpkg.com/is-color-stop/-/is-color-stop-1.1.0.tgz#cfff471aee4dd5c9e158598fbe12967b5cdad345"
    dependencies:
      css-color-names "^0.0.4"
      hex-color-regex "^1.1.0"
      hsl-regex "^1.0.0"
      hsla-regex "^1.0.0"
      rgb-regex "^1.0.1"
      rgba-regex "^1.0.0"
  
  is-date-object@^1.0.1:
    version "1.0.1"
    resolved "https://registry.yarnpkg.com/is-date-object/-/is-date-object-1.0.1.tgz#9aa20eb6aeebbff77fbd33e74ca01b33581d3a16"
  
  is-directory@^0.3.1:
    version "0.3.1"
    resolved "https://registry.yarnpkg.com/is-directory/-/is-directory-0.3.1.tgz#61339b6f2475fc772fd9c9d83f5c8575dc154ae1"
  
  is-dotfile@^1.0.0:
    version "1.0.3"
    resolved "https://registry.yarnpkg.com/is-dotfile/-/is-dotfile-1.0.3.tgz#a6a2f32ffd2dfb04f5ca25ecd0f6b83cf798a1e1"
  
  is-equal-shallow@^0.1.3:
    version "0.1.3"
    resolved "https://registry.yarnpkg.com/is-equal-shallow/-/is-equal-shallow-0.1.3.tgz#2238098fc221de0bcfa5d9eac4c45d638aa1c534"
    dependencies:
      is-primitive "^2.0.0"
  
  is-extendable@^0.1.1:
    version "0.1.1"
    resolved "https://registry.yarnpkg.com/is-extendable/-/is-extendable-0.1.1.tgz#62b110e289a471418e3ec36a617d472e301dfc89"
  
  is-extglob@^1.0.0:
    version "1.0.0"
    resolved "https://registry.yarnpkg.com/is-extglob/-/is-extglob-1.0.0.tgz#ac468177c4943405a092fc8f29760c6ffc6206c0"
  
  is-function@^1.0.1:
    version "1.0.1"
    resolved "https://registry.yarnpkg.com/is-function/-/is-function-1.0.1.tgz#12cfb98b65b57dd3d193a3121f5f6e2f437602b5"
  
  is-glob@^2.0.0, is-glob@^2.0.1:
    version "2.0.1"
    resolved "https://registry.yarnpkg.com/is-glob/-/is-glob-2.0.1.tgz#d096f926a3ded5600f3fdfd91198cb0888c2d863"
    dependencies:
      is-extglob "^1.0.0"
  
  is-number@^2.1.0:
    version "2.1.0"
    resolved "https://registry.yarnpkg.com/is-number/-/is-number-2.1.0.tgz#01fcbbb393463a548f2f466cce16dece49db908f"
    dependencies:
      kind-of "^3.0.2"
  
  is-number@^4.0.0:
    version "4.0.0"
    resolved "https://registry.yarnpkg.com/is-number/-/is-number-4.0.0.tgz#0026e37f5454d73e356dfe6564699867c6a7f0ff"
  
  is-obj@^1.0.0:
    version "1.0.1"
    resolved "https://registry.yarnpkg.com/is-obj/-/is-obj-1.0.1.tgz#3e4729ac1f5fde025cd7d83a896dab9f4f67db0f"
  
  is-posix-bracket@^0.1.0:
    version "0.1.1"
    resolved "https://registry.yarnpkg.com/is-posix-bracket/-/is-posix-bracket-0.1.1.tgz#3334dc79774368e92f016e6fbc0a88f5cd6e6bc4"
  
  is-primitive@^2.0.0:
    version "2.0.0"
    resolved "https://registry.yarnpkg.com/is-primitive/-/is-primitive-2.0.0.tgz#207bab91638499c07b2adf240a41a87210034575"
  
  is-regex@^1.0.4:
    version "1.0.4"
    resolved "https://registry.yarnpkg.com/is-regex/-/is-regex-1.0.4.tgz#5517489b547091b0930e095654ced25ee97e9491"
    dependencies:
      has "^1.0.1"
  
  is-resolvable@^1.0.0:
    version "1.1.0"
    resolved "https://registry.yarnpkg.com/is-resolvable/-/is-resolvable-1.1.0.tgz#fb18f87ce1feb925169c9a407c19318a3206ed88"
  
  is-svg@^3.0.0:
    version "3.0.0"
    resolved "https://registry.yarnpkg.com/is-svg/-/is-svg-3.0.0.tgz#9321dbd29c212e5ca99c4fa9794c714bcafa2f75"
    dependencies:
      html-comment-regex "^1.1.0"
  
  is-symbol@^1.0.2:
    version "1.0.2"
    resolved "https://registry.yarnpkg.com/is-symbol/-/is-symbol-1.0.2.tgz#a055f6ae57192caee329e7a860118b497a950f38"
    dependencies:
      has-symbols "^1.0.0"
  
  is-windows@^0.2.0:
    version "0.2.0"
    resolved "https://registry.yarnpkg.com/is-windows/-/is-windows-0.2.0.tgz#de1aa6d63ea29dd248737b69f1ff8b8002d2108c"
  
  isarray@0.0.1:
    version "0.0.1"
    resolved "https://registry.yarnpkg.com/isarray/-/isarray-0.0.1.tgz#8a18acfca9a8f4177e09abfc6038939b05d1eedf"
  
  isarray@1.0.0, isarray@~1.0.0:
    version "1.0.0"
    resolved "https://registry.yarnpkg.com/isarray/-/isarray-1.0.0.tgz#bb935d48582cba168c06834957a54a3e07124f11"
  
  isexe@^2.0.0:
    version "2.0.0"
    resolved "https://registry.yarnpkg.com/isexe/-/isexe-2.0.0.tgz#e8fbf374dc556ff8947a10dcb0572d633f2cfa10"
  
  isobject@^2.0.0:
    version "2.1.0"
    resolved "https://registry.yarnpkg.com/isobject/-/isobject-2.1.0.tgz#f065561096a3f1da2ef46272f815c840d87e0c89"
    dependencies:
      isarray "1.0.0"
  
  js-yaml@^3.13.0, js-yaml@^3.13.1:
    version "3.13.1"
    resolved "https://registry.yarnpkg.com/js-yaml/-/js-yaml-3.13.1.tgz#aff151b30bfdfa8e49e05da22e7415e9dfa37847"
    dependencies:
      argparse "^1.0.7"
      esprima "^4.0.0"
  
  json-parse-better-errors@^1.0.1:
    version "1.0.2"
    resolved "https://registry.yarnpkg.com/json-parse-better-errors/-/json-parse-better-errors-1.0.2.tgz#bb867cfb3450e69107c131d1c514bab3dc8bcaa9"
  
  jstransform@^11.0.3:
    version "11.0.3"
    resolved "https://registry.yarnpkg.com/jstransform/-/jstransform-11.0.3.tgz#09a78993e0ae4d4ef4487f6155a91f6190cb4223"
    dependencies:
      base62 "^1.1.0"
      commoner "^0.10.1"
      esprima-fb "^15001.1.0-dev-harmony-fb"
      object-assign "^2.0.0"
      source-map "^0.4.2"
  
  kind-of@^3.0.2:
    version "3.2.2"
    resolved "https://registry.yarnpkg.com/kind-of/-/kind-of-3.2.2.tgz#31ea21a734bab9bbb0f32466d893aea51e4a3c64"
    dependencies:
      is-buffer "^1.1.5"
  
  kind-of@^6.0.0:
    version "6.0.2"
    resolved "https://registry.yarnpkg.com/kind-of/-/kind-of-6.0.2.tgz#01146b36a6218e64e58f3a8d66de5d7fc6f6d051"
  
  layout-bmfont-text@^1.2.0:
    version "1.3.4"
    resolved "https://registry.yarnpkg.com/layout-bmfont-text/-/layout-bmfont-text-1.3.4.tgz#f20f2c5464774f48da6ce8a997fbce6d46945b81"
    dependencies:
      as-number "^1.0.0"
      word-wrapper "^1.0.7"
      xtend "^4.0.0"
  
  load-bmfont@^1.2.3:
    version "1.4.0"
    resolved "https://registry.yarnpkg.com/load-bmfont/-/load-bmfont-1.4.0.tgz#75f17070b14a8c785fe7f5bee2e6fd4f98093b6b"
    dependencies:
      buffer-equal "0.0.1"
      mime "^1.3.4"
      parse-bmfont-ascii "^1.0.3"
      parse-bmfont-binary "^1.0.5"
      parse-bmfont-xml "^1.1.4"
      phin "^2.9.1"
      xhr "^2.0.1"
      xtend "^4.0.0"
  
  lodash.memoize@^4.1.2:
    version "4.1.2"
    resolved "https://registry.yarnpkg.com/lodash.memoize/-/lodash.memoize-4.1.2.tgz#bcc6c49a42a2840ed997f323eada5ecd182e0bfe"
  
  lodash.uniq@^4.5.0:
    version "4.5.0"
    resolved "https://registry.yarnpkg.com/lodash.uniq/-/lodash.uniq-4.5.0.tgz#d0225373aeb652adc1bc82e4945339a842754773"
  
  lodash@3.6.x:
    version "3.6.0"
    resolved "https://registry.yarnpkg.com/lodash/-/lodash-3.6.0.tgz#5266a8f49dd989be4f9f681b6f2a0c55285d0d9a"
  
  lru-cache@^4.1.2:
    version "4.1.5"
    resolved "https://registry.yarnpkg.com/lru-cache/-/lru-cache-4.1.5.tgz#8bbe50ea85bed59bc9e33dcab8235ee9bcf443cd"
    dependencies:
      pseudomap "^1.0.2"
      yallist "^2.1.2"
  
  map-limit@0.0.1:
    version "0.0.1"
    resolved "https://registry.yarnpkg.com/map-limit/-/map-limit-0.0.1.tgz#eb7961031c0f0e8d001bf2d56fab685d58822f38"
    dependencies:
      once "~1.3.0"
  
  math-random@^1.0.1:
    version "1.0.4"
    resolved "https://registry.yarnpkg.com/math-random/-/math-random-1.0.4.tgz#5dd6943c938548267016d4e34f057583080c514c"
  
  mdn-data@~1.1.0:
    version "1.1.4"
    resolved "https://registry.yarnpkg.com/mdn-data/-/mdn-data-1.1.4.tgz#50b5d4ffc4575276573c4eedb8780812a8419f01"
  
  media-typer@0.3.0:
    version "0.3.0"
    resolved "https://registry.yarnpkg.com/media-typer/-/media-typer-0.3.0.tgz#8710d7af0aa626f8fffa1ce00168545263255748"
  
  merge-descriptors@1.0.1:
    version "1.0.1"
    resolved "https://registry.yarnpkg.com/merge-descriptors/-/merge-descriptors-1.0.1.tgz#b00aaa556dd8b44568150ec9d1b953f3f90cbb61"
  
  merge-source-map@^1.1.0:
    version "1.1.0"
    resolved "https://registry.yarnpkg.com/merge-source-map/-/merge-source-map-1.1.0.tgz#2fdde7e6020939f70906a68f2d7ae685e4c8c646"
    dependencies:
      source-map "^0.6.1"
  
  merge@^1.2.0:
    version "1.2.1"
    resolved "https://registry.yarnpkg.com/merge/-/merge-1.2.1.tgz#38bebf80c3220a8a487b6fcfb3941bb11720c145"
  
  methods@~1.1.2:
    version "1.1.2"
    resolved "https://registry.yarnpkg.com/methods/-/methods-1.1.2.tgz#5529a4d67654134edcc5266656835b0f851afcee"
  
  micromatch@^2.3.7:
    version "2.3.11"
    resolved "https://registry.yarnpkg.com/micromatch/-/micromatch-2.3.11.tgz#86677c97d1720b363431d04d0d15293bd38c1565"
    dependencies:
      arr-diff "^2.0.0"
      array-unique "^0.2.1"
      braces "^1.8.2"
      expand-brackets "^0.1.4"
      extglob "^0.3.1"
      filename-regex "^2.0.0"
      is-extglob "^1.0.0"
      is-glob "^2.0.1"
      kind-of "^3.0.2"
      normalize-path "^2.0.1"
      object.omit "^2.0.0"
      parse-glob "^3.0.4"
      regex-cache "^0.4.2"
  
  mime-db@1.40.0:
    version "1.40.0"
    resolved "https://registry.yarnpkg.com/mime-db/-/mime-db-1.40.0.tgz#a65057e998db090f732a68f6c276d387d4126c32"
  
  mime-types@~2.1.18, mime-types@~2.1.24:
    version "2.1.24"
    resolved "https://registry.yarnpkg.com/mime-types/-/mime-types-2.1.24.tgz#b6f8d0b3e951efb77dedeca194cff6d16f676f81"
    dependencies:
      mime-db "1.40.0"
  
  mime@1.4.1:
    version "1.4.1"
    resolved "https://registry.yarnpkg.com/mime/-/mime-1.4.1.tgz#121f9ebc49e3766f311a76e1fa1c8003c4b03aa6"
  
  mime@^1.3.4:
    version "1.6.0"
    resolved "https://registry.yarnpkg.com/mime/-/mime-1.6.0.tgz#32cd9e5c64553bd58d19a568af452acff04981b1"
  
  mimic-response@^1.0.0:
    version "1.0.1"
    resolved "https://registry.yarnpkg.com/mimic-response/-/mimic-response-1.0.1.tgz#4923538878eef42063cb8a3e3b0798781487ab1b"
  
  min-document@^2.19.0:
    version "2.19.0"
    resolved "https://registry.yarnpkg.com/min-document/-/min-document-2.19.0.tgz#7bd282e3f5842ed295bb748cdd9f1ffa2c824685"
    dependencies:
      dom-walk "^0.1.0"
  
  "minimatch@2 || 3":
    version "3.0.4"
    resolved "https://registry.yarnpkg.com/minimatch/-/minimatch-3.0.4.tgz#5166e286457f03306064be5497e8dbb0c3d32083"
    dependencies:
      brace-expansion "^1.1.7"
  
  minimist@0.0.8:
    version "0.0.8"
    resolved "https://registry.yarnpkg.com/minimist/-/minimist-0.0.8.tgz#857fcabfc3397d2625b8228262e86aa7a011b05d"
  
  minimist@^1.2.0:
    version "1.2.0"
    resolved "https://registry.yarnpkg.com/minimist/-/minimist-1.2.0.tgz#a35008b20f41383eec1fb914f4cd5df79a264284"
  
  mkdirp@^0.5.0, mkdirp@~0.5.1:
    version "0.5.1"
    resolved "https://registry.yarnpkg.com/mkdirp/-/mkdirp-0.5.1.tgz#30057438eac6cf7f8c4767f38648d6697d75c903"
    dependencies:
      minimist "0.0.8"
  
  ms@2.0.0:
    version "2.0.0"
    resolved "https://registry.yarnpkg.com/ms/-/ms-2.0.0.tgz#5608aeadfc00be6c2901df5f9861788de0d597c8"
  
  ms@^2.1.1:
    version "2.1.1"
    resolved "https://registry.yarnpkg.com/ms/-/ms-2.1.1.tgz#30a5864eb3ebb0a66f2ebe6d727af06a09d86e0a"
  
  mysql@^2.17.1:
    version "2.17.1"
    resolved "https://registry.yarnpkg.com/mysql/-/mysql-2.17.1.tgz#62bba4a039a9b2f73638cd1652ce50fc6f682899"
    dependencies:
      bignumber.js "7.2.1"
      readable-stream "2.3.6"
      safe-buffer "5.1.2"
      sqlstring "2.3.1"
  
  negotiator@0.6.1:
    version "0.6.1"
    resolved "https://registry.yarnpkg.com/negotiator/-/negotiator-0.6.1.tgz#2b327184e8992101177b28563fb5e7102acd0ca9"
  
  new-array@^1.0.0:
    version "1.0.0"
    resolved "https://registry.yarnpkg.com/new-array/-/new-array-1.0.0.tgz#5dbc639d961eac7f1a9fbc1a7146ec12f2924fbf"
  
  nice-color-palettes@^1.0.1:
    version "1.0.1"
    resolved "https://registry.yarnpkg.com/nice-color-palettes/-/nice-color-palettes-1.0.1.tgz#875ea01dc86efae7f595e066a8b2660e7206053e"
    dependencies:
      map-limit "0.0.1"
      minimist "^1.2.0"
      new-array "^1.0.0"
      xhr-request "^1.0.1"
  
  node-releases@^1.1.14:
    version "1.1.16"
    resolved "https://registry.yarnpkg.com/node-releases/-/node-releases-1.1.16.tgz#efcb6615b0e8dc454bfb03bc025aad406ea6dddf"
    dependencies:
      semver "^5.3.0"
  
  normalize-path@^2.0.1:
    version "2.1.1"
    resolved "https://registry.yarnpkg.com/normalize-path/-/normalize-path-2.1.1.tgz#1ab28b556e198363a8c1a6f7e6fa20137fe6aed9"
    dependencies:
      remove-trailing-separator "^1.0.1"
  
  normalize-url@^3.0.0:
    version "3.3.0"
    resolved "https://registry.yarnpkg.com/normalize-url/-/normalize-url-3.3.0.tgz#b2e1c4dc4f7c6d57743df733a4f5978d18650559"
  
  nosleep.js@^0.7.0:
    version "0.7.0"
    resolved "https://registry.yarnpkg.com/nosleep.js/-/nosleep.js-0.7.0.tgz#cfd919c25523ca0d0f4a69fb3305c083adaee289"
  
  nth-check@^1.0.2:
    version "1.0.2"
    resolved "https://registry.yarnpkg.com/nth-check/-/nth-check-1.0.2.tgz#b2bd295c37e3dd58a3bf0700376663ba4d9cf05c"
    dependencies:
      boolbase "~1.0.0"
  
  object-assign@^2.0.0:
    version "2.1.1"
    resolved "https://registry.yarnpkg.com/object-assign/-/object-assign-2.1.1.tgz#43c36e5d569ff8e4816c4efa8be02d26967c18aa"
  
  object-assign@^4, object-assign@^4.0.1, object-assign@^4.1.0, object-assign@^4.1.1:
    version "4.1.1"
    resolved "https://registry.yarnpkg.com/object-assign/-/object-assign-4.1.1.tgz#2109adc7965887cfc05cbbd442cac8bfbb360863"
  
  object-keys@^1.0.12:
    version "1.1.0"
    resolved "https://registry.yarnpkg.com/object-keys/-/object-keys-1.1.0.tgz#11bd22348dd2e096a045ab06f6c85bcc340fa032"
  
  object.getownpropertydescriptors@^2.0.3:
    version "2.0.3"
    resolved "https://registry.yarnpkg.com/object.getownpropertydescriptors/-/object.getownpropertydescriptors-2.0.3.tgz#8758c846f5b407adab0f236e0986f14b051caa16"
    dependencies:
      define-properties "^1.1.2"
      es-abstract "^1.5.1"
  
  object.omit@^2.0.0:
    version "2.0.1"
    resolved "https://registry.yarnpkg.com/object.omit/-/object.omit-2.0.1.tgz#1a9c744829f39dbb858c76ca3579ae2a54ebd1fa"
    dependencies:
      for-own "^0.1.4"
      is-extendable "^0.1.1"
  
  object.values@^1.1.0:
    version "1.1.0"
    resolved "https://registry.yarnpkg.com/object.values/-/object.values-1.1.0.tgz#bf6810ef5da3e5325790eaaa2be213ea84624da9"
    dependencies:
      define-properties "^1.1.3"
      es-abstract "^1.12.0"
      function-bind "^1.1.1"
      has "^1.0.3"
  
  on-finished@~2.3.0:
    version "2.3.0"
    resolved "https://registry.yarnpkg.com/on-finished/-/on-finished-2.3.0.tgz#20f1336481b083cd75337992a16971aa2d906947"
    dependencies:
      ee-first "1.1.1"
  
  once@^1.3.0, once@^1.3.1:
    version "1.4.0"
    resolved "https://registry.yarnpkg.com/once/-/once-1.4.0.tgz#583b1aa775961d4b113ac17d9c50baef9dd76bd1"
    dependencies:
      wrappy "1"
  
  once@~1.3.0:
    version "1.3.3"
    resolved "https://registry.yarnpkg.com/once/-/once-1.3.3.tgz#b2e261557ce4c314ec8304f3fa82663e4297ca20"
    dependencies:
      wrappy "1"
  
  os-homedir@^1.0.1:
    version "1.0.2"
    resolved "https://registry.yarnpkg.com/os-homedir/-/os-homedir-1.0.2.tgz#ffbc4988336e0e833de0c168c7ef152121aa7fb3"
  
  parse-bmfont-ascii@^1.0.3:
    version "1.0.6"
    resolved "https://registry.yarnpkg.com/parse-bmfont-ascii/-/parse-bmfont-ascii-1.0.6.tgz#11ac3c3ff58f7c2020ab22769079108d4dfa0285"
  
  parse-bmfont-binary@^1.0.5:
    version "1.0.6"
    resolved "https://registry.yarnpkg.com/parse-bmfont-binary/-/parse-bmfont-binary-1.0.6.tgz#d038b476d3e9dd9db1e11a0b0e53a22792b69006"
  
  parse-bmfont-xml@^1.1.4:
    version "1.1.4"
    resolved "https://registry.yarnpkg.com/parse-bmfont-xml/-/parse-bmfont-xml-1.1.4.tgz#015319797e3e12f9e739c4d513872cd2fa35f389"
    dependencies:
      xml-parse-from-string "^1.0.0"
      xml2js "^0.4.5"
  
  parse-glob@^3.0.4:
    version "3.0.4"
    resolved "https://registry.yarnpkg.com/parse-glob/-/parse-glob-3.0.4.tgz#b2c376cfb11f35513badd173ef0bb6e3a388391c"
    dependencies:
      glob-base "^0.3.0"
      is-dotfile "^1.0.0"
      is-extglob "^1.0.0"
      is-glob "^2.0.0"
  
  parse-headers@^2.0.0:
    version "2.0.2"
    resolved "https://registry.yarnpkg.com/parse-headers/-/parse-headers-2.0.2.tgz#9545e8a4c1ae5eaea7d24992bca890281ed26e34"
    dependencies:
      for-each "^0.3.3"
      string.prototype.trim "^1.1.2"
  
  parse-json@^4.0.0:
    version "4.0.0"
    resolved "https://registry.yarnpkg.com/parse-json/-/parse-json-4.0.0.tgz#be35f5425be1f7f6c747184f98a788cb99477ee0"
    dependencies:
      error-ex "^1.3.1"
      json-parse-better-errors "^1.0.1"
  
  parse-passwd@^1.0.0:
    version "1.0.0"
    resolved "https://registry.yarnpkg.com/parse-passwd/-/parse-passwd-1.0.0.tgz#6d5b934a456993b23d37f40a382d6f1666a8e5c6"
  
  parseurl@~1.3.2:
    version "1.3.3"
    resolved "https://registry.yarnpkg.com/parseurl/-/parseurl-1.3.3.tgz#9da19e7bee8d12dff0513ed5b76957793bc2e8d4"
  
  path-is-absolute@^1.0.0:
    version "1.0.1"
    resolved "https://registry.yarnpkg.com/path-is-absolute/-/path-is-absolute-1.0.1.tgz#174b9268735534ffbc7ace6bf53a5a9e1b5c5f5f"
  
  path-to-regexp@0.1.7:
    version "0.1.7"
    resolved "https://registry.yarnpkg.com/path-to-regexp/-/path-to-regexp-0.1.7.tgz#df604178005f522f15eb4490e7247a1bfaa67f8c"
  
  phin@^2.9.1:
    version "2.9.3"
    resolved "https://registry.yarnpkg.com/phin/-/phin-2.9.3.tgz#f9b6ac10a035636fb65dfc576aaaa17b8743125c"
  
  postcss-calc@^7.0.1:
    version "7.0.1"
    resolved "https://registry.yarnpkg.com/postcss-calc/-/postcss-calc-7.0.1.tgz#36d77bab023b0ecbb9789d84dcb23c4941145436"
    dependencies:
      css-unit-converter "^1.1.1"
      postcss "^7.0.5"
      postcss-selector-parser "^5.0.0-rc.4"
      postcss-value-parser "^3.3.1"
  
  postcss-colormin@^4.0.3:
    version "4.0.3"
    resolved "https://registry.yarnpkg.com/postcss-colormin/-/postcss-colormin-4.0.3.tgz#ae060bce93ed794ac71264f08132d550956bd381"
    dependencies:
      browserslist "^4.0.0"
      color "^3.0.0"
      has "^1.0.0"
      postcss "^7.0.0"
      postcss-value-parser "^3.0.0"
  
  postcss-convert-values@^4.0.1:
    version "4.0.1"
    resolved "https://registry.yarnpkg.com/postcss-convert-values/-/postcss-convert-values-4.0.1.tgz#ca3813ed4da0f812f9d43703584e449ebe189a7f"
    dependencies:
      postcss "^7.0.0"
      postcss-value-parser "^3.0.0"
  
  postcss-discard-comments@^4.0.2:
    version "4.0.2"
    resolved "https://registry.yarnpkg.com/postcss-discard-comments/-/postcss-discard-comments-4.0.2.tgz#1fbabd2c246bff6aaad7997b2b0918f4d7af4033"
    dependencies:
      postcss "^7.0.0"
  
  postcss-discard-duplicates@^4.0.2:
    version "4.0.2"
    resolved "https://registry.yarnpkg.com/postcss-discard-duplicates/-/postcss-discard-duplicates-4.0.2.tgz#3fe133cd3c82282e550fc9b239176a9207b784eb"
    dependencies:
      postcss "^7.0.0"
  
  postcss-discard-empty@^4.0.1:
    version "4.0.1"
    resolved "https://registry.yarnpkg.com/postcss-discard-empty/-/postcss-discard-empty-4.0.1.tgz#c8c951e9f73ed9428019458444a02ad90bb9f765"
    dependencies:
      postcss "^7.0.0"
  
  postcss-discard-overridden@^4.0.1:
    version "4.0.1"
    resolved "https://registry.yarnpkg.com/postcss-discard-overridden/-/postcss-discard-overridden-4.0.1.tgz#652aef8a96726f029f5e3e00146ee7a4e755ff57"
    dependencies:
      postcss "^7.0.0"
  
  postcss-merge-longhand@^4.0.11:
    version "4.0.11"
    resolved "https://registry.yarnpkg.com/postcss-merge-longhand/-/postcss-merge-longhand-4.0.11.tgz#62f49a13e4a0ee04e7b98f42bb16062ca2549e24"
    dependencies:
      css-color-names "0.0.4"
      postcss "^7.0.0"
      postcss-value-parser "^3.0.0"
      stylehacks "^4.0.0"
  
  postcss-merge-rules@^4.0.3:
    version "4.0.3"
    resolved "https://registry.yarnpkg.com/postcss-merge-rules/-/postcss-merge-rules-4.0.3.tgz#362bea4ff5a1f98e4075a713c6cb25aefef9a650"
    dependencies:
      browserslist "^4.0.0"
      caniuse-api "^3.0.0"
      cssnano-util-same-parent "^4.0.0"
      postcss "^7.0.0"
      postcss-selector-parser "^3.0.0"
      vendors "^1.0.0"
  
  postcss-minify-font-values@^4.0.2:
    version "4.0.2"
    resolved "https://registry.yarnpkg.com/postcss-minify-font-values/-/postcss-minify-font-values-4.0.2.tgz#cd4c344cce474343fac5d82206ab2cbcb8afd5a6"
    dependencies:
      postcss "^7.0.0"
      postcss-value-parser "^3.0.0"
  
  postcss-minify-gradients@^4.0.2:
    version "4.0.2"
    resolved "https://registry.yarnpkg.com/postcss-minify-gradients/-/postcss-minify-gradients-4.0.2.tgz#93b29c2ff5099c535eecda56c4aa6e665a663471"
    dependencies:
      cssnano-util-get-arguments "^4.0.0"
      is-color-stop "^1.0.0"
      postcss "^7.0.0"
      postcss-value-parser "^3.0.0"
  
  postcss-minify-params@^4.0.2:
    version "4.0.2"
    resolved "https://registry.yarnpkg.com/postcss-minify-params/-/postcss-minify-params-4.0.2.tgz#6b9cef030c11e35261f95f618c90036d680db874"
    dependencies:
      alphanum-sort "^1.0.0"
      browserslist "^4.0.0"
      cssnano-util-get-arguments "^4.0.0"
      postcss "^7.0.0"
      postcss-value-parser "^3.0.0"
      uniqs "^2.0.0"
  
  postcss-minify-selectors@^4.0.2:
    version "4.0.2"
    resolved "https://registry.yarnpkg.com/postcss-minify-selectors/-/postcss-minify-selectors-4.0.2.tgz#e2e5eb40bfee500d0cd9243500f5f8ea4262fbd8"
    dependencies:
      alphanum-sort "^1.0.0"
      has "^1.0.0"
      postcss "^7.0.0"
      postcss-selector-parser "^3.0.0"
  
  postcss-normalize-charset@^4.0.1:
    version "4.0.1"
    resolved "https://registry.yarnpkg.com/postcss-normalize-charset/-/postcss-normalize-charset-4.0.1.tgz#8b35add3aee83a136b0471e0d59be58a50285dd4"
    dependencies:
      postcss "^7.0.0"
  
  postcss-normalize-display-values@^4.0.2:
    version "4.0.2"
    resolved "https://registry.yarnpkg.com/postcss-normalize-display-values/-/postcss-normalize-display-values-4.0.2.tgz#0dbe04a4ce9063d4667ed2be476bb830c825935a"
    dependencies:
      cssnano-util-get-match "^4.0.0"
      postcss "^7.0.0"
      postcss-value-parser "^3.0.0"
  
  postcss-normalize-positions@^4.0.2:
    version "4.0.2"
    resolved "https://registry.yarnpkg.com/postcss-normalize-positions/-/postcss-normalize-positions-4.0.2.tgz#05f757f84f260437378368a91f8932d4b102917f"
    dependencies:
      cssnano-util-get-arguments "^4.0.0"
      has "^1.0.0"
      postcss "^7.0.0"
      postcss-value-parser "^3.0.0"
  
  postcss-normalize-repeat-style@^4.0.2:
    version "4.0.2"
    resolved "https://registry.yarnpkg.com/postcss-normalize-repeat-style/-/postcss-normalize-repeat-style-4.0.2.tgz#c4ebbc289f3991a028d44751cbdd11918b17910c"
    dependencies:
      cssnano-util-get-arguments "^4.0.0"
      cssnano-util-get-match "^4.0.0"
      postcss "^7.0.0"
      postcss-value-parser "^3.0.0"
  
  postcss-normalize-string@^4.0.2:
    version "4.0.2"
    resolved "https://registry.yarnpkg.com/postcss-normalize-string/-/postcss-normalize-string-4.0.2.tgz#cd44c40ab07a0c7a36dc5e99aace1eca4ec2690c"
    dependencies:
      has "^1.0.0"
      postcss "^7.0.0"
      postcss-value-parser "^3.0.0"
  
  postcss-normalize-timing-functions@^4.0.2:
    version "4.0.2"
    resolved "https://registry.yarnpkg.com/postcss-normalize-timing-functions/-/postcss-normalize-timing-functions-4.0.2.tgz#8e009ca2a3949cdaf8ad23e6b6ab99cb5e7d28d9"
    dependencies:
      cssnano-util-get-match "^4.0.0"
      postcss "^7.0.0"
      postcss-value-parser "^3.0.0"
  
  postcss-normalize-unicode@^4.0.1:
    version "4.0.1"
    resolved "https://registry.yarnpkg.com/postcss-normalize-unicode/-/postcss-normalize-unicode-4.0.1.tgz#841bd48fdcf3019ad4baa7493a3d363b52ae1cfb"
    dependencies:
      browserslist "^4.0.0"
      postcss "^7.0.0"
      postcss-value-parser "^3.0.0"
  
  postcss-normalize-url@^4.0.1:
    version "4.0.1"
    resolved "https://registry.yarnpkg.com/postcss-normalize-url/-/postcss-normalize-url-4.0.1.tgz#10e437f86bc7c7e58f7b9652ed878daaa95faae1"
    dependencies:
      is-absolute-url "^2.0.0"
      normalize-url "^3.0.0"
      postcss "^7.0.0"
      postcss-value-parser "^3.0.0"
  
  postcss-normalize-whitespace@^4.0.2:
    version "4.0.2"
    resolved "https://registry.yarnpkg.com/postcss-normalize-whitespace/-/postcss-normalize-whitespace-4.0.2.tgz#bf1d4070fe4fcea87d1348e825d8cc0c5faa7d82"
    dependencies:
      postcss "^7.0.0"
      postcss-value-parser "^3.0.0"
  
  postcss-ordered-values@^4.1.2:
    version "4.1.2"
    resolved "https://registry.yarnpkg.com/postcss-ordered-values/-/postcss-ordered-values-4.1.2.tgz#0cf75c820ec7d5c4d280189559e0b571ebac0eee"
    dependencies:
      cssnano-util-get-arguments "^4.0.0"
      postcss "^7.0.0"
      postcss-value-parser "^3.0.0"
  
  postcss-reduce-initial@^4.0.3:
    version "4.0.3"
    resolved "https://registry.yarnpkg.com/postcss-reduce-initial/-/postcss-reduce-initial-4.0.3.tgz#7fd42ebea5e9c814609639e2c2e84ae270ba48df"
    dependencies:
      browserslist "^4.0.0"
      caniuse-api "^3.0.0"
      has "^1.0.0"
      postcss "^7.0.0"
  
  postcss-reduce-transforms@^4.0.2:
    version "4.0.2"
    resolved "https://registry.yarnpkg.com/postcss-reduce-transforms/-/postcss-reduce-transforms-4.0.2.tgz#17efa405eacc6e07be3414a5ca2d1074681d4e29"
    dependencies:
      cssnano-util-get-match "^4.0.0"
      has "^1.0.0"
      postcss "^7.0.0"
      postcss-value-parser "^3.0.0"
  
  postcss-selector-parser@^3.0.0:
    version "3.1.1"
    resolved "https://registry.yarnpkg.com/postcss-selector-parser/-/postcss-selector-parser-3.1.1.tgz#4f875f4afb0c96573d5cf4d74011aee250a7e865"
    dependencies:
      dot-prop "^4.1.1"
      indexes-of "^1.0.1"
      uniq "^1.0.1"
  
  postcss-selector-parser@^5.0.0, postcss-selector-parser@^5.0.0-rc.4:
    version "5.0.0"
    resolved "https://registry.yarnpkg.com/postcss-selector-parser/-/postcss-selector-parser-5.0.0.tgz#249044356697b33b64f1a8f7c80922dddee7195c"
    dependencies:
      cssesc "^2.0.0"
      indexes-of "^1.0.1"
      uniq "^1.0.1"
  
  postcss-svgo@^4.0.2:
    version "4.0.2"
    resolved "https://registry.yarnpkg.com/postcss-svgo/-/postcss-svgo-4.0.2.tgz#17b997bc711b333bab143aaed3b8d3d6e3d38258"
    dependencies:
      is-svg "^3.0.0"
      postcss "^7.0.0"
      postcss-value-parser "^3.0.0"
      svgo "^1.0.0"
  
  postcss-unique-selectors@^4.0.1:
    version "4.0.1"
    resolved "https://registry.yarnpkg.com/postcss-unique-selectors/-/postcss-unique-selectors-4.0.1.tgz#9446911f3289bfd64c6d680f073c03b1f9ee4bac"
    dependencies:
      alphanum-sort "^1.0.0"
      postcss "^7.0.0"
      uniqs "^2.0.0"
  
  postcss-value-parser@^3.0.0, postcss-value-parser@^3.3.1:
    version "3.3.1"
    resolved "https://registry.yarnpkg.com/postcss-value-parser/-/postcss-value-parser-3.3.1.tgz#9ff822547e2893213cf1c30efa51ac5fd1ba8281"
  
  postcss@^7.0.0, postcss@^7.0.1, postcss@^7.0.14, postcss@^7.0.5:
    version "7.0.14"
    resolved "https://registry.yarnpkg.com/postcss/-/postcss-7.0.14.tgz#4527ed6b1ca0d82c53ce5ec1a2041c2346bbd6e5"
    dependencies:
      chalk "^2.4.2"
      source-map "^0.6.1"
      supports-color "^6.1.0"
  
  present@0.0.6:
    version "0.0.6"
    resolved "https://registry.yarnpkg.com/present/-/present-0.0.6.tgz#9eeff700daa9e998613352e47f7ac2324d4faf02"
  
  preserve@^0.2.0:
    version "0.2.0"
    resolved "https://registry.yarnpkg.com/preserve/-/preserve-0.2.0.tgz#815ed1f6ebc65926f865b310c0713bcb3315ce4b"
  
  prettier@1.16.3:
    version "1.16.3"
    resolved "https://registry.yarnpkg.com/prettier/-/prettier-1.16.3.tgz#8c62168453badef702f34b45b6ee899574a6a65d"
  
  private@^0.1.6, private@~0.1.5:
    version "0.1.8"
    resolved "https://registry.yarnpkg.com/private/-/private-0.1.8.tgz#2381edb3689f7a53d653190060fcf822d2f368ff"
  
  process-nextick-args@~2.0.0:
    version "2.0.0"
    resolved "https://registry.yarnpkg.com/process-nextick-args/-/process-nextick-args-2.0.0.tgz#a37d732f4271b4ab1ad070d35508e8290788ffaa"
  
  process@~0.5.1:
    version "0.5.2"
    resolved "https://registry.yarnpkg.com/process/-/process-0.5.2.tgz#1638d8a8e34c2f440a91db95ab9aeb677fc185cf"
  
  promise-polyfill@^3.1.0:
    version "3.1.0"
    resolved "https://registry.yarnpkg.com/promise-polyfill/-/promise-polyfill-3.1.0.tgz#62952b01d059b115b432763b7ef461b80f6df47d"
  
  proxy-addr@~2.0.4:
    version "2.0.5"
    resolved "https://registry.yarnpkg.com/proxy-addr/-/proxy-addr-2.0.5.tgz#34cbd64a2d81f4b1fd21e76f9f06c8a45299ee34"
    dependencies:
      forwarded "~0.1.2"
      ipaddr.js "1.9.0"
  
  pseudomap@^1.0.2:
    version "1.0.2"
    resolved "https://registry.yarnpkg.com/pseudomap/-/pseudomap-1.0.2.tgz#f052a28da70e618917ef0a8ac34c1ae5a68286b3"
  
  q@^1.1.2:
    version "1.5.1"
    resolved "https://registry.yarnpkg.com/q/-/q-1.5.1.tgz#7e32f75b41381291d04611f1bf14109ac00651d7"
  
  qs@6.5.2:
    version "6.5.2"
    resolved "https://registry.yarnpkg.com/qs/-/qs-6.5.2.tgz#cb3ae806e8740444584ef154ce8ee98d403f3e36"
  
  qs@6.7.0:
    version "6.7.0"
    resolved "https://registry.yarnpkg.com/qs/-/qs-6.7.0.tgz#41dc1a015e3d581f1621776be31afb2876a9b1bc"
  
  quad-indices@^2.0.1:
    version "2.0.1"
    resolved "https://registry.yarnpkg.com/quad-indices/-/quad-indices-2.0.1.tgz#a6941d89a13d63eed6c1d4a5a621a0463617a814"
    dependencies:
      an-array "^1.0.0"
      dtype "^2.0.0"
      is-buffer "^1.0.2"
  
  query-string@^5.0.1:
    version "5.1.1"
    resolved "https://registry.yarnpkg.com/query-string/-/query-string-5.1.1.tgz#a78c012b71c17e05f2e3fa2319dd330682efb3cb"
    dependencies:
      decode-uri-component "^0.2.0"
      object-assign "^4.1.0"
      strict-uri-encode "^1.0.0"
  
  randomatic@^3.0.0:
    version "3.1.1"
    resolved "https://registry.yarnpkg.com/randomatic/-/randomatic-3.1.1.tgz#b776efc59375984e36c537b2f51a1f0aff0da1ed"
    dependencies:
      is-number "^4.0.0"
      kind-of "^6.0.0"
      math-random "^1.0.1"
  
  randombytes@^2.0.3:
    version "2.1.0"
    resolved "https://registry.yarnpkg.com/randombytes/-/randombytes-2.1.0.tgz#df6f84372f0270dc65cdf6291349ab7a473d4f2a"
    dependencies:
      safe-buffer "^5.1.0"
  
  range-parser@~1.2.0:
    version "1.2.0"
    resolved "https://registry.yarnpkg.com/range-parser/-/range-parser-1.2.0.tgz#f49be6b487894ddc40dcc94a322f611092e00d5e"
  
  raw-body@2.3.3:
    version "2.3.3"
    resolved "https://registry.yarnpkg.com/raw-body/-/raw-body-2.3.3.tgz#1b324ece6b5706e153855bc1148c65bb7f6ea0c3"
    dependencies:
      bytes "3.0.0"
      http-errors "1.6.3"
      iconv-lite "0.4.23"
      unpipe "1.0.0"
  
  raw-body@2.4.0:
    version "2.4.0"
    resolved "https://registry.yarnpkg.com/raw-body/-/raw-body-2.4.0.tgz#a1ce6fb9c9bc356ca52e89256ab59059e13d0332"
    dependencies:
      bytes "3.1.0"
      http-errors "1.7.2"
      iconv-lite "0.4.24"
      unpipe "1.0.0"
  
  readable-stream@2.3.6, readable-stream@^2.3.4:
    version "2.3.6"
    resolved "https://registry.yarnpkg.com/readable-stream/-/readable-stream-2.3.6.tgz#b11c27d88b8ff1fbe070643cf94b0c79ae1b0aaf"
    dependencies:
      core-util-is "~1.0.0"
      inherits "~2.0.3"
      isarray "~1.0.0"
      process-nextick-args "~2.0.0"
      safe-buffer "~5.1.1"
      string_decoder "~1.1.1"
      util-deprecate "~1.0.1"
  
  "readable-stream@>=1.0.33-1 <1.1.0-0":
    version "1.0.34"
    resolved "https://registry.yarnpkg.com/readable-stream/-/readable-stream-1.0.34.tgz#125820e34bc842d2f2aaafafe4c2916ee32c157c"
    dependencies:
      core-util-is "~1.0.0"
      inherits "~2.0.1"
      isarray "0.0.1"
      string_decoder "~0.10.x"
  
  readable-stream@~1.1.9:
    version "1.1.14"
    resolved "https://registry.yarnpkg.com/readable-stream/-/readable-stream-1.1.14.tgz#7cf4c54ef648e3813084c636dd2079e166c081d9"
    dependencies:
      core-util-is "~1.0.0"
      inherits "~2.0.1"
      isarray "0.0.1"
      string_decoder "~0.10.x"
  
  recast@^0.11.17:
    version "0.11.23"
    resolved "https://registry.yarnpkg.com/recast/-/recast-0.11.23.tgz#451fd3004ab1e4df9b4e4b66376b2a21912462d3"
    dependencies:
      ast-types "0.9.6"
      esprima "~3.1.0"
      private "~0.1.5"
      source-map "~0.5.0"
  
  regex-cache@^0.4.2:
    version "0.4.4"
    resolved "https://registry.yarnpkg.com/regex-cache/-/regex-cache-0.4.4.tgz#75bdc58a2a1496cec48a12835bc54c8d562336dd"
    dependencies:
      is-equal-shallow "^0.1.3"
  
  remove-trailing-separator@^1.0.1:
    version "1.1.0"
    resolved "https://registry.yarnpkg.com/remove-trailing-separator/-/remove-trailing-separator-1.1.0.tgz#c24bce2a283adad5bc3f58e0d48249b92379d8ef"
  
  repeat-element@^1.1.2:
    version "1.1.3"
    resolved "https://registry.yarnpkg.com/repeat-element/-/repeat-element-1.1.3.tgz#782e0d825c0c5a3bb39731f84efee6b742e6b1ce"
  
  repeat-string@^1.5.2:
    version "1.6.1"
    resolved "https://registry.yarnpkg.com/repeat-string/-/repeat-string-1.6.1.tgz#8dcae470e1c88abc2d600fff4a776286da75e637"
  
  resolve-dir@^0.1.0:
    version "0.1.1"
    resolved "https://registry.yarnpkg.com/resolve-dir/-/resolve-dir-0.1.1.tgz#b219259a5602fac5c5c496ad894a6e8cc430261e"
    dependencies:
      expand-tilde "^1.2.2"
      global-modules "^0.2.3"
  
  resolve-from@^3.0.0:
    version "3.0.0"
    resolved "https://registry.yarnpkg.com/resolve-from/-/resolve-from-3.0.0.tgz#b22c7af7d9d6881bc8b6e653335eebcb0a188748"
  
  rgb-regex@^1.0.1:
    version "1.0.1"
    resolved "https://registry.yarnpkg.com/rgb-regex/-/rgb-regex-1.0.1.tgz#c0e0d6882df0e23be254a475e8edd41915feaeb1"
  
  rgba-regex@^1.0.0:
    version "1.0.0"
    resolved "https://registry.yarnpkg.com/rgba-regex/-/rgba-regex-1.0.0.tgz#43374e2e2ca0968b0ef1523460b7d730ff22eeb3"
  
  safe-buffer@5.1.2, safe-buffer@^5.1.0, safe-buffer@~5.1.0, safe-buffer@~5.1.1:
    version "5.1.2"
    resolved "https://registry.yarnpkg.com/safe-buffer/-/safe-buffer-5.1.2.tgz#991ec69d296e0313747d59bdfd2b745c35f8828d"
  
  "safer-buffer@>= 2.1.2 < 3":
    version "2.1.2"
    resolved "https://registry.yarnpkg.com/safer-buffer/-/safer-buffer-2.1.2.tgz#44fa161b0187b9549dd84bb91802f9bd8385cd6a"
  
  sax@>=0.6.0, sax@~1.2.4:
    version "1.2.4"
    resolved "https://registry.yarnpkg.com/sax/-/sax-1.2.4.tgz#2816234e2378bddc4e5354fab5caa895df7100d9"
  
  semver@^5.3.0:
    version "5.7.0"
    resolved "https://registry.yarnpkg.com/semver/-/semver-5.7.0.tgz#790a7cf6fea5459bac96110b29b60412dc8ff96b"
  
  send@0.16.2:
    version "0.16.2"
    resolved "https://registry.yarnpkg.com/send/-/send-0.16.2.tgz#6ecca1e0f8c156d141597559848df64730a6bbc1"
    dependencies:
      debug "2.6.9"
      depd "~1.1.2"
      destroy "~1.0.4"
      encodeurl "~1.0.2"
      escape-html "~1.0.3"
      etag "~1.8.1"
      fresh "0.5.2"
      http-errors "~1.6.2"
      mime "1.4.1"
      ms "2.0.0"
      on-finished "~2.3.0"
      range-parser "~1.2.0"
      statuses "~1.4.0"
  
  serve-static@1.13.2:
    version "1.13.2"
    resolved "https://registry.yarnpkg.com/serve-static/-/serve-static-1.13.2.tgz#095e8472fd5b46237db50ce486a43f4b86c6cec1"
    dependencies:
      encodeurl "~1.0.2"
      escape-html "~1.0.3"
      parseurl "~1.3.2"
      send "0.16.2"
  
  setprototypeof@1.1.0:
    version "1.1.0"
    resolved "https://registry.yarnpkg.com/setprototypeof/-/setprototypeof-1.1.0.tgz#d0bd85536887b6fe7c0d818cb962d9d91c54e656"
  
  setprototypeof@1.1.1:
    version "1.1.1"
    resolved "https://registry.yarnpkg.com/setprototypeof/-/setprototypeof-1.1.1.tgz#7e95acb24aa92f5885e0abef5ba131330d4ae683"
  
  simple-concat@^1.0.0:
    version "1.0.0"
    resolved "https://registry.yarnpkg.com/simple-concat/-/simple-concat-1.0.0.tgz#7344cbb8b6e26fb27d66b2fc86f9f6d5997521c6"
  
  simple-get@^2.7.0:
    version "2.8.1"
    resolved "https://registry.yarnpkg.com/simple-get/-/simple-get-2.8.1.tgz#0e22e91d4575d87620620bc91308d57a77f44b5d"
    dependencies:
      decompress-response "^3.3.0"
      once "^1.3.1"
      simple-concat "^1.0.0"
  
  simple-peer@^9.3.0:
    version "9.3.0"
    resolved "https://registry.yarnpkg.com/simple-peer/-/simple-peer-9.3.0.tgz#85ecb126b23d8730f3904f199db65e84141e0f4e"
    dependencies:
      debug "^4.0.1"
      get-browser-rtc "^1.0.0"
      inherits "^2.0.1"
      randombytes "^2.0.3"
      readable-stream "^2.3.4"
  
  simple-swizzle@^0.2.2:
    version "0.2.2"
    resolved "https://registry.yarnpkg.com/simple-swizzle/-/simple-swizzle-0.2.2.tgz#a4da6b635ffcccca33f70d17cb92592de95e557a"
    dependencies:
      is-arrayish "^0.3.1"
  
  source-map@^0.4.2:
    version "0.4.4"
    resolved "https://registry.yarnpkg.com/source-map/-/source-map-0.4.4.tgz#eba4f5da9c0dc999de68032d8b4f76173652036b"
    dependencies:
      amdefine ">=0.0.4"
  
  source-map@^0.5.3, source-map@~0.5.0:
    version "0.5.7"
    resolved "https://registry.yarnpkg.com/source-map/-/source-map-0.5.7.tgz#8a039d2d1021d22d1ea14c80d8ea468ba2ef3fcc"
  
  source-map@^0.6.1, source-map@~0.6.1:
    version "0.6.1"
    resolved "https://registry.yarnpkg.com/source-map/-/source-map-0.6.1.tgz#74722af32e9614e9c287a8d0bbde48b5e2f1a263"
  
  source-map@~0.1.31:
    version "0.1.43"
    resolved "https://registry.yarnpkg.com/source-map/-/source-map-0.1.43.tgz#c24bc146ca517c1471f5dacbe2571b2b7f9e3346"
    dependencies:
      amdefine ">=0.0.4"
  
  sprintf-js@~1.0.2:
    version "1.0.3"
    resolved "https://registry.yarnpkg.com/sprintf-js/-/sprintf-js-1.0.3.tgz#04e6926f662895354f3dd015203633b857297e2c"
  
  sqlstring@2.3.1:
    version "2.3.1"
    resolved "https://registry.yarnpkg.com/sqlstring/-/sqlstring-2.3.1.tgz#475393ff9e91479aea62dcaf0ca3d14983a7fb40"
  
  stable@^0.1.8:
    version "0.1.8"
    resolved "https://registry.yarnpkg.com/stable/-/stable-0.1.8.tgz#836eb3c8382fe2936feaf544631017ce7d47a3cf"
  
  "statuses@>= 1.4.0 < 2", "statuses@>= 1.5.0 < 2":
    version "1.5.0"
    resolved "https://registry.yarnpkg.com/statuses/-/statuses-1.5.0.tgz#161c7dac177659fd9811f43771fa99381478628c"
  
  statuses@~1.4.0:
    version "1.4.0"
    resolved "https://registry.yarnpkg.com/statuses/-/statuses-1.4.0.tgz#bb73d446da2796106efcc1b601a253d6c46bd087"
  
  strict-uri-encode@^1.0.0:
    version "1.1.0"
    resolved "https://registry.yarnpkg.com/strict-uri-encode/-/strict-uri-encode-1.1.0.tgz#279b225df1d582b1f54e65addd4352e18faa0713"
  
  string.prototype.trim@^1.1.2:
    version "1.1.2"
    resolved "https://registry.yarnpkg.com/string.prototype.trim/-/string.prototype.trim-1.1.2.tgz#d04de2c89e137f4d7d206f086b5ed2fae6be8cea"
    dependencies:
      define-properties "^1.1.2"
      es-abstract "^1.5.0"
      function-bind "^1.0.2"
  
  string_decoder@~0.10.x:
    version "0.10.31"
    resolved "https://registry.yarnpkg.com/string_decoder/-/string_decoder-0.10.31.tgz#62e203bc41766c6c28c9fc84301dab1c5310fa94"
  
  string_decoder@~1.1.1:
    version "1.1.1"
    resolved "https://registry.yarnpkg.com/string_decoder/-/string_decoder-1.1.1.tgz#9cf1611ba62685d7030ae9e4ba34149c3af03fc8"
    dependencies:
      safe-buffer "~5.1.0"
  
  style-attr@^1.0.2:
    version "1.3.0"
    resolved "https://registry.yarnpkg.com/style-attr/-/style-attr-1.3.0.tgz#2c1997a4865e25d7dbcb216be0ad715f005b9b17"
  
  stylehacks@^4.0.0:
    version "4.0.3"
    resolved "https://registry.yarnpkg.com/stylehacks/-/stylehacks-4.0.3.tgz#6718fcaf4d1e07d8a1318690881e8d96726a71d5"
    dependencies:
      browserslist "^4.0.0"
      postcss "^7.0.0"
      postcss-selector-parser "^3.0.0"
  
  super-three@^0.101.0:
    version "0.101.0"
    resolved "https://registry.yarnpkg.com/super-three/-/super-three-0.101.0.tgz#81b64178b7ec2220bb23715dc61f7d3f1ba7ef74"
  
  supports-color@^5.3.0:
    version "5.5.0"
    resolved "https://registry.yarnpkg.com/supports-color/-/supports-color-5.5.0.tgz#e2e69a44ac8772f78a1ec0b35b689df6530efc8f"
    dependencies:
      has-flag "^3.0.0"
  
  supports-color@^6.1.0:
    version "6.1.0"
    resolved "https://registry.yarnpkg.com/supports-color/-/supports-color-6.1.0.tgz#0764abc69c63d5ac842dd4867e8d025e880df8f3"
    dependencies:
      has-flag "^3.0.0"
  
  svgo@^1.0.0:
    version "1.2.2"
    resolved "https://registry.yarnpkg.com/svgo/-/svgo-1.2.2.tgz#0253d34eccf2aed4ad4f283e11ee75198f9d7316"
    dependencies:
      chalk "^2.4.1"
      coa "^2.0.2"
      css-select "^2.0.0"
      css-select-base-adapter "^0.1.1"
      css-tree "1.0.0-alpha.28"
      css-url-regex "^1.1.0"
      csso "^3.5.1"
      js-yaml "^3.13.1"
      mkdirp "~0.5.1"
      object.values "^1.1.0"
      sax "~1.2.4"
      stable "^0.1.8"
      unquote "~1.1.1"
      util.promisify "~1.0.0"
  
  three-bmfont-text@^2.1.0:
    version "2.3.0"
    resolved "https://registry.yarnpkg.com/three-bmfont-text/-/three-bmfont-text-2.3.0.tgz#61d0f6886e281a5d03f1fd66e0517497114784fe"
    dependencies:
      array-shuffle "^1.0.1"
      inherits "^2.0.1"
      layout-bmfont-text "^1.2.0"
      nice-color-palettes "^1.0.1"
      object-assign "^4.0.1"
      quad-indices "^2.0.1"
      three-buffer-vertex-data "^1.0.0"
  
  three-buffer-vertex-data@^1.0.0:
    version "1.1.0"
    resolved "https://registry.yarnpkg.com/three-buffer-vertex-data/-/three-buffer-vertex-data-1.1.0.tgz#cf228e78427665884b961a4cabe1f85ed39f82b1"
    dependencies:
      flatten-vertex-data "^1.0.0"
  
  through2@0.6.x:
    version "0.6.5"
    resolved "https://registry.yarnpkg.com/through2/-/through2-0.6.5.tgz#41ab9c67b29d57209071410e1d7a7a968cd3ad48"
    dependencies:
      readable-stream ">=1.0.33-1 <1.1.0-0"
      xtend ">=4.0.0 <4.1.0-0"
  
  through@~2.3.4:
    version "2.3.8"
    resolved "https://registry.yarnpkg.com/through/-/through-2.3.8.tgz#0dd4c9ffaabc357960b1b724115d7e0e86a2e1f5"
  
  timed-out@^4.0.1:
    version "4.0.1"
    resolved "https://registry.yarnpkg.com/timed-out/-/timed-out-4.0.1.tgz#f32eacac5a175bea25d7fab565ab3ed8741ef56f"
  
  timsort@^0.3.0:
    version "0.3.0"
    resolved "https://registry.yarnpkg.com/timsort/-/timsort-0.3.0.tgz#405411a8e7e6339fe64db9a234de11dc31e02bd4"
  
  toidentifier@1.0.0:
    version "1.0.0"
    resolved "https://registry.yarnpkg.com/toidentifier/-/toidentifier-1.0.0.tgz#7e1be3470f1e77948bc43d94a3c8f4d7752ba553"
  
  type-is@~1.6.16:
    version "1.6.16"
    resolved "https://registry.yarnpkg.com/type-is/-/type-is-1.6.16.tgz#f89ce341541c672b25ee7ae3c73dee3b2be50194"
    dependencies:
      media-typer "0.3.0"
      mime-types "~2.1.18"
  
  type-is@~1.6.17:
    version "1.6.18"
    resolved "https://registry.yarnpkg.com/type-is/-/type-is-1.6.18.tgz#4e552cd05df09467dcbc4ef739de89f2cf37c131"
    dependencies:
      media-typer "0.3.0"
      mime-types "~2.1.24"
  
  typedarray@~0.0.5:
    version "0.0.6"
    resolved "https://registry.yarnpkg.com/typedarray/-/typedarray-0.0.6.tgz#867ac74e3864187b1d3d47d996a78ec5c8830777"
  
  typescript@^3.4.5:
    version "3.4.5"
    resolved "https://registry.yarnpkg.com/typescript/-/typescript-3.4.5.tgz#2d2618d10bb566572b8d7aad5180d84257d70a99"
  
  uniq@^1.0.1:
    version "1.0.1"
    resolved "https://registry.yarnpkg.com/uniq/-/uniq-1.0.1.tgz#b31c5ae8254844a3a8281541ce2b04b865a734ff"
  
  uniqs@^2.0.0:
    version "2.0.0"
    resolved "https://registry.yarnpkg.com/uniqs/-/uniqs-2.0.0.tgz#ffede4b36b25290696e6e165d4a59edb998e6b02"
  
  unpipe@1.0.0, unpipe@~1.0.0:
    version "1.0.0"
    resolved "https://registry.yarnpkg.com/unpipe/-/unpipe-1.0.0.tgz#b2bf4ee8514aae6165b4817829d21b2ef49904ec"
  
  unquote@~1.1.1:
    version "1.1.1"
    resolved "https://registry.yarnpkg.com/unquote/-/unquote-1.1.1.tgz#8fded7324ec6e88a0ff8b905e7c098cdc086d544"
  
  url-set-query@^1.0.0:
    version "1.0.0"
    resolved "https://registry.yarnpkg.com/url-set-query/-/url-set-query-1.0.0.tgz#016e8cfd7c20ee05cafe7795e892bd0702faa339"
  
  util-deprecate@~1.0.1:
    version "1.0.2"
    resolved "https://registry.yarnpkg.com/util-deprecate/-/util-deprecate-1.0.2.tgz#450d4dc9fa70de732762fbd2d4a28981419a0ccf"
  
  util.promisify@~1.0.0:
    version "1.0.0"
    resolved "https://registry.yarnpkg.com/util.promisify/-/util.promisify-1.0.0.tgz#440f7165a459c9a16dc145eb8e72f35687097030"
    dependencies:
      define-properties "^1.1.2"
      object.getownpropertydescriptors "^2.0.3"
  
  utils-merge@1.0.1:
    version "1.0.1"
    resolved "https://registry.yarnpkg.com/utils-merge/-/utils-merge-1.0.1.tgz#9f95710f50a267947b2ccc124741c1028427e713"
  
  vary@^1, vary@~1.1.2:
    version "1.1.2"
    resolved "https://registry.yarnpkg.com/vary/-/vary-1.1.2.tgz#2299f02c6ded30d4a5961b0b9f74524a18f634fc"
  
  vendors@^1.0.0:
    version "1.0.2"
    resolved "https://registry.yarnpkg.com/vendors/-/vendors-1.0.2.tgz#7fcb5eef9f5623b156bcea89ec37d63676f21801"
  
  vue-hot-reload-api@^2.3.3:
    version "2.3.3"
    resolved "https://registry.yarnpkg.com/vue-hot-reload-api/-/vue-hot-reload-api-2.3.3.tgz#2756f46cb3258054c5f4723de8ae7e87302a1ccf"
  
  vue-template-compiler@^2.6.8:
    version "2.6.8"
    resolved "https://registry.yarnpkg.com/vue-template-compiler/-/vue-template-compiler-2.6.8.tgz#750802604595134775b9c53141b9850b35255e1c"
    dependencies:
      de-indent "^1.0.2"
      he "^1.1.0"
  
  vue-template-es2015-compiler@^1.9.0:
    version "1.9.1"
    resolved "https://registry.yarnpkg.com/vue-template-es2015-compiler/-/vue-template-es2015-compiler-1.9.1.tgz#1ee3bc9a16ecbf5118be334bb15f9c46f82f5825"
  
  vue@^2.6.8:
    version "2.6.8"
    resolved "https://registry.yarnpkg.com/vue/-/vue-2.6.8.tgz#f21cbc536bfc14f7d1d792a137bb12f69e60ea91"
  
  webvr-polyfill-dpdb@^1.0.11:
    version "1.0.15"
    resolved "https://registry.yarnpkg.com/webvr-polyfill-dpdb/-/webvr-polyfill-dpdb-1.0.15.tgz#37c9ff013023b0cb118007f9e7869b310205def9"
  
  webvr-polyfill@^0.10.10:
    version "0.10.10"
    resolved "https://registry.yarnpkg.com/webvr-polyfill/-/webvr-polyfill-0.10.10.tgz#f945759a37a2ada57211ed29cf55a80179e74d26"
    dependencies:
      cardboard-vr-display "^1.0.16"
  
  which@^1.2.12:
    version "1.3.1"
    resolved "https://registry.yarnpkg.com/which/-/which-1.3.1.tgz#a45043d54f5805316da8d62f9f50918d3da70b0a"
    dependencies:
      isexe "^2.0.0"
  
  word-wrapper@^1.0.7:
    version "1.0.7"
    resolved "https://registry.yarnpkg.com/word-wrapper/-/word-wrapper-1.0.7.tgz#1f14afebf66dfdf0fef55efd37184efbd08c28b6"
  
  wrappy@1:
    version "1.0.2"
    resolved "https://registry.yarnpkg.com/wrappy/-/wrappy-1.0.2.tgz#b5243d8f3ec1aa35f1364605bc0d1036e30ab69f"
  
  xhr-request@^1.0.1:
    version "1.1.0"
    resolved "https://registry.yarnpkg.com/xhr-request/-/xhr-request-1.1.0.tgz#f4a7c1868b9f198723444d82dcae317643f2e2ed"
    dependencies:
      buffer-to-arraybuffer "^0.0.5"
      object-assign "^4.1.1"
      query-string "^5.0.1"
      simple-get "^2.7.0"
      timed-out "^4.0.1"
      url-set-query "^1.0.0"
      xhr "^2.0.4"
  
  xhr@^2.0.1, xhr@^2.0.4:
    version "2.5.0"
    resolved "https://registry.yarnpkg.com/xhr/-/xhr-2.5.0.tgz#bed8d1676d5ca36108667692b74b316c496e49dd"
    dependencies:
      global "~4.3.0"
      is-function "^1.0.1"
      parse-headers "^2.0.0"
      xtend "^4.0.0"
  
  xml-parse-from-string@^1.0.0:
    version "1.0.1"
    resolved "https://registry.yarnpkg.com/xml-parse-from-string/-/xml-parse-from-string-1.0.1.tgz#a9029e929d3dbcded169f3c6e28238d95a5d5a28"
  
  xml2js@^0.4.5:
    version "0.4.19"
    resolved "https://registry.yarnpkg.com/xml2js/-/xml2js-0.4.19.tgz#686c20f213209e94abf0d1bcf1efaa291c7827a7"
    dependencies:
      sax ">=0.6.0"
      xmlbuilder "~9.0.1"
  
  xmlbuilder@~9.0.1:
    version "9.0.7"
    resolved "https://registry.yarnpkg.com/xmlbuilder/-/xmlbuilder-9.0.7.tgz#132ee63d2ec5565c557e20f4c22df9aca686b10d"
  
  "xtend@>=4.0.0 <4.1.0-0", xtend@^4.0.0:
    version "4.0.1"
    resolved "https://registry.yarnpkg.com/xtend/-/xtend-4.0.1.tgz#a5c6d532be656e23db820efb943a1f04998d63af"
  
  yallist@^2.1.2:
    version "2.1.2"
    resolved "https://registry.yarnpkg.com/yallist/-/yallist-2.1.2.tgz#1c11f9218f076089a47dd512f93c6699a6a81d52"
